{"C:\\Users\\ounci\\bootcamp\\collab\\skylab-bootcamp-201907\\staff\\oihane-unciti\\generisad\\generisad-api\\logic\\authenticate-user\\index.spec.js":{"path":"C:\\Users\\ounci\\bootcamp\\collab\\skylab-bootcamp-201907\\staff\\oihane-unciti\\generisad\\generisad-api\\logic\\authenticate-user\\index.spec.js","statementMap":{"0":{"start":{"line":2,"column":0},"end":{"line":2,"column":26}},"1":{"start":{"line":4,"column":19},"end":{"line":4,"column":34}},"2":{"start":{"line":5,"column":25},"end":{"line":5,"column":37}},"3":{"start":{"line":6,"column":15},"end":{"line":6,"column":34}},"4":{"start":{"line":7,"column":49},"end":{"line":7,"column":74}},"5":{"start":{"line":9,"column":32},"end":{"line":9,"column":39}},"6":{"start":{"line":11,"column":0},"end":{"line":85,"column":2}},"7":{"start":{"line":12,"column":4},"end":{"line":12,"column":47}},"8":{"start":{"line":12,"column":17},"end":{"line":12,"column":46}},"9":{"start":{"line":16,"column":4},"end":{"line":31,"column":6}},"10":{"start":{"line":17,"column":8},"end":{"line":17,"column":38}},"11":{"start":{"line":18,"column":8},"end":{"line":18,"column":44}},"12":{"start":{"line":19,"column":8},"end":{"line":19,"column":51}},"13":{"start":{"line":20,"column":8},"end":{"line":20,"column":46}},"14":{"start":{"line":21,"column":8},"end":{"line":21,"column":52}},"15":{"start":{"line":22,"column":8},"end":{"line":22,"column":42}},"16":{"start":{"line":24,"column":8},"end":{"line":24,"column":35}},"17":{"start":{"line":25,"column":8},"end":{"line":25,"column":31}},"18":{"start":{"line":26,"column":26},"end":{"line":26,"column":78}},"19":{"start":{"line":27,"column":8},"end":{"line":27,"column":31}},"20":{"start":{"line":29,"column":21},"end":{"line":29,"column":133}},"21":{"start":{"line":30,"column":8},"end":{"line":30,"column":20}},"22":{"start":{"line":33,"column":4},"end":{"line":38,"column":6}},"23":{"start":{"line":34,"column":19},"end":{"line":34,"column":66}},"24":{"start":{"line":35,"column":16},"end":{"line":35,"column":35}},"25":{"start":{"line":36,"column":16},"end":{"line":36,"column":44}},"26":{"start":{"line":37,"column":16},"end":{"line":37,"column":39}},"27":{"start":{"line":41,"column":4},"end":{"line":50,"column":6}},"28":{"start":{"line":42,"column":8},"end":{"line":42,"column":33}},"29":{"start":{"line":43,"column":8},"end":{"line":49,"column":9}},"30":{"start":{"line":44,"column":12},"end":{"line":44,"column":59}},"31":{"start":{"line":45,"column":12},"end":{"line":45,"column":58}},"32":{"start":{"line":47,"column":12},"end":{"line":47,"column":34}},"33":{"start":{"line":48,"column":12},"end":{"line":48,"column":85}},"34":{"start":{"line":52,"column":4},"end":{"line":61,"column":10}},"35":{"start":{"line":53,"column":8},"end":{"line":53,"column":24}},"36":{"start":{"line":54,"column":8},"end":{"line":60,"column":13}},"37":{"start":{"line":55,"column":12},"end":{"line":55,"column":59}},"38":{"start":{"line":56,"column":12},"end":{"line":56,"column":58}},"39":{"start":{"line":58,"column":12},"end":{"line":58,"column":34}},"40":{"start":{"line":59,"column":12},"end":{"line":59,"column":63}},"41":{"start":{"line":64,"column":4},"end":{"line":66,"column":5}},"42":{"start":{"line":65,"column":8},"end":{"line":65,"column":96}},"43":{"start":{"line":65,"column":21},"end":{"line":65,"column":59}},"44":{"start":{"line":68,"column":4},"end":{"line":70,"column":5}},"45":{"start":{"line":69,"column":8},"end":{"line":69,"column":118}},"46":{"start":{"line":69,"column":21},"end":{"line":69,"column":62}},"47":{"start":{"line":72,"column":4},"end":{"line":74,"column":5}},"48":{"start":{"line":73,"column":8},"end":{"line":73,"column":110}},"49":{"start":{"line":73,"column":21},"end":{"line":73,"column":60}},"50":{"start":{"line":76,"column":4},"end":{"line":78,"column":5}},"51":{"start":{"line":77,"column":8},"end":{"line":77,"column":96}},"52":{"start":{"line":77,"column":21},"end":{"line":77,"column":56}},"53":{"start":{"line":80,"column":4},"end":{"line":82,"column":5}},"54":{"start":{"line":81,"column":8},"end":{"line":81,"column":110}},"55":{"start":{"line":81,"column":21},"end":{"line":81,"column":57}},"56":{"start":{"line":84,"column":4},"end":{"line":84,"column":38}},"57":{"start":{"line":84,"column":16},"end":{"line":84,"column":37}}},"fnMap":{"0":{"name":"(anonymous_0)","decl":{"start":{"line":11,"column":38},"end":{"line":11,"column":39}},"loc":{"start":{"line":11,"column":44},"end":{"line":85,"column":1}},"line":11},"1":{"name":"(anonymous_1)","decl":{"start":{"line":12,"column":11},"end":{"line":12,"column":12}},"loc":{"start":{"line":12,"column":17},"end":{"line":12,"column":46}},"line":12},"2":{"name":"(anonymous_2)","decl":{"start":{"line":16,"column":15},"end":{"line":16,"column":16}},"loc":{"start":{"line":16,"column":27},"end":{"line":31,"column":5}},"line":16},"3":{"name":"(anonymous_3)","decl":{"start":{"line":33,"column":41},"end":{"line":33,"column":42}},"loc":{"start":{"line":33,"column":53},"end":{"line":38,"column":5}},"line":33},"4":{"name":"(anonymous_4)","decl":{"start":{"line":41,"column":40},"end":{"line":41,"column":41}},"loc":{"start":{"line":41,"column":51},"end":{"line":50,"column":5}},"line":41},"5":{"name":"(anonymous_5)","decl":{"start":{"line":52,"column":40},"end":{"line":52,"column":41}},"loc":{"start":{"line":52,"column":52},"end":{"line":61,"column":9}},"line":52},"6":{"name":"(anonymous_6)","decl":{"start":{"line":64,"column":37},"end":{"line":64,"column":38}},"loc":{"start":{"line":65,"column":8},"end":{"line":65,"column":96}},"line":65},"7":{"name":"(anonymous_7)","decl":{"start":{"line":65,"column":15},"end":{"line":65,"column":16}},"loc":{"start":{"line":65,"column":21},"end":{"line":65,"column":59}},"line":65},"8":{"name":"(anonymous_8)","decl":{"start":{"line":68,"column":42},"end":{"line":68,"column":43}},"loc":{"start":{"line":69,"column":8},"end":{"line":69,"column":118}},"line":69},"9":{"name":"(anonymous_9)","decl":{"start":{"line":69,"column":15},"end":{"line":69,"column":16}},"loc":{"start":{"line":69,"column":21},"end":{"line":69,"column":62}},"line":69},"10":{"name":"(anonymous_10)","decl":{"start":{"line":72,"column":45},"end":{"line":72,"column":46}},"loc":{"start":{"line":73,"column":8},"end":{"line":73,"column":110}},"line":73},"11":{"name":"(anonymous_11)","decl":{"start":{"line":73,"column":15},"end":{"line":73,"column":16}},"loc":{"start":{"line":73,"column":21},"end":{"line":73,"column":60}},"line":73},"12":{"name":"(anonymous_12)","decl":{"start":{"line":76,"column":40},"end":{"line":76,"column":41}},"loc":{"start":{"line":77,"column":8},"end":{"line":77,"column":96}},"line":77},"13":{"name":"(anonymous_13)","decl":{"start":{"line":77,"column":15},"end":{"line":77,"column":16}},"loc":{"start":{"line":77,"column":21},"end":{"line":77,"column":56}},"line":77},"14":{"name":"(anonymous_14)","decl":{"start":{"line":80,"column":45},"end":{"line":80,"column":46}},"loc":{"start":{"line":81,"column":8},"end":{"line":81,"column":110}},"line":81},"15":{"name":"(anonymous_15)","decl":{"start":{"line":81,"column":15},"end":{"line":81,"column":16}},"loc":{"start":{"line":81,"column":21},"end":{"line":81,"column":57}},"line":81},"16":{"name":"(anonymous_16)","decl":{"start":{"line":84,"column":10},"end":{"line":84,"column":11}},"loc":{"start":{"line":84,"column":16},"end":{"line":84,"column":37}},"line":84}},"branchMap":{},"s":{"0":1,"1":1,"2":1,"3":1,"4":1,"5":1,"6":1,"7":1,"8":1,"9":1,"10":8,"11":8,"12":8,"13":8,"14":8,"15":8,"16":8,"17":8,"18":8,"19":8,"20":8,"21":8,"22":1,"23":1,"24":1,"25":1,"26":1,"27":1,"28":1,"29":1,"30":1,"31":0,"32":1,"33":1,"34":1,"35":1,"36":1,"37":1,"38":0,"39":1,"40":1,"41":1,"42":1,"43":1,"44":1,"45":1,"46":1,"47":1,"48":1,"49":1,"50":1,"51":1,"52":1,"53":1,"54":1,"55":1,"56":1,"57":1},"f":{"0":1,"1":1,"2":8,"3":1,"4":1,"5":1,"6":1,"7":1,"8":1,"9":1,"10":1,"11":1,"12":1,"13":1,"14":1,"15":1,"16":1},"b":{},"_coverageSchema":"43e27e138ebf9cfc5966b082cf9a028302ed4184","hash":"521d9359475515fd7a80584717b46612a1cea58a","contentHash":"413beea96a5a89679255772ccd75e6c20298c2e63c86332df17a21f07911ab92"},"C:\\Users\\ounci\\bootcamp\\collab\\skylab-bootcamp-201907\\staff\\oihane-unciti\\generisad\\generisad-api\\logic\\authenticate-user\\index.js":{"path":"C:\\Users\\ounci\\bootcamp\\collab\\skylab-bootcamp-201907\\staff\\oihane-unciti\\generisad\\generisad-api\\logic\\authenticate-user\\index.js","statementMap":{"0":{"start":{"line":1,"column":39},"end":{"line":1,"column":64}},"1":{"start":{"line":2,"column":15},"end":{"line":2,"column":34}},"2":{"start":{"line":3,"column":21},"end":{"line":3,"column":47}},"3":{"start":{"line":13,"column":0},"end":{"line":36,"column":1}},"4":{"start":{"line":15,"column":4},"end":{"line":15,"column":35}},"5":{"start":{"line":16,"column":4},"end":{"line":16,"column":34}},"6":{"start":{"line":17,"column":4},"end":{"line":17,"column":41}},"7":{"start":{"line":18,"column":4},"end":{"line":18,"column":37}},"8":{"start":{"line":20,"column":4},"end":{"line":35,"column":8}},"9":{"start":{"line":22,"column":25},"end":{"line":22,"column":59}},"10":{"start":{"line":23,"column":26},"end":{"line":23,"column":38}},"11":{"start":{"line":26,"column":21},"end":{"line":26,"column":88}},"12":{"start":{"line":28,"column":8},"end":{"line":28,"column":77}},"13":{"start":{"line":28,"column":18},"end":{"line":28,"column":77}},"14":{"start":{"line":30,"column":22},"end":{"line":30,"column":68}},"15":{"start":{"line":32,"column":8},"end":{"line":32,"column":56}},"16":{"start":{"line":32,"column":19},"end":{"line":32,"column":56}},"17":{"start":{"line":34,"column":8},"end":{"line":34,"column":22}}},"fnMap":{"0":{"name":"(anonymous_0)","decl":{"start":{"line":13,"column":17},"end":{"line":13,"column":18}},"loc":{"start":{"line":13,"column":51},"end":{"line":36,"column":1}},"line":13},"1":{"name":"(anonymous_1)","decl":{"start":{"line":20,"column":12},"end":{"line":20,"column":13}},"loc":{"start":{"line":20,"column":24},"end":{"line":35,"column":5}},"line":20}},"branchMap":{"0":{"loc":{"start":{"line":28,"column":8},"end":{"line":28,"column":77}},"type":"if","locations":[{"start":{"line":28,"column":8},"end":{"line":28,"column":77}},{"start":{"line":28,"column":8},"end":{"line":28,"column":77}}],"line":28},"1":{"loc":{"start":{"line":32,"column":8},"end":{"line":32,"column":56}},"type":"if","locations":[{"start":{"line":32,"column":8},"end":{"line":32,"column":56}},{"start":{"line":32,"column":8},"end":{"line":32,"column":56}}],"line":32}},"s":{"0":1,"1":1,"2":1,"3":1,"4":8,"5":6,"6":5,"7":3,"8":3,"9":3,"10":3,"11":3,"12":3,"13":1,"14":2,"15":2,"16":1,"17":1},"f":{"0":8,"1":3},"b":{"0":[1,2],"1":[1,1]},"_coverageSchema":"43e27e138ebf9cfc5966b082cf9a028302ed4184","hash":"cac8441699badc014f5c36be3d285adde9e3eb38","contentHash":"5464fb4bee3554318cede3dc2b57c88b771f0ed3793463f5f2ab5e40972d71c2"},"C:\\Users\\ounci\\bootcamp\\collab\\skylab-bootcamp-201907\\staff\\oihane-unciti\\generisad\\generisad-api\\logic\\delete-ad\\index.spec.js":{"path":"C:\\Users\\ounci\\bootcamp\\collab\\skylab-bootcamp-201907\\staff\\oihane-unciti\\generisad\\generisad-api\\logic\\delete-ad\\index.spec.js","statementMap":{"0":{"start":{"line":2,"column":0},"end":{"line":2,"column":26}},"1":{"start":{"line":4,"column":19},"end":{"line":4,"column":34}},"2":{"start":{"line":5,"column":17},"end":{"line":5,"column":29}},"3":{"start":{"line":6,"column":65},"end":{"line":6,"column":90}},"4":{"start":{"line":8,"column":32},"end":{"line":8,"column":39}},"5":{"start":{"line":10,"column":0},"end":{"line":101,"column":2}},"6":{"start":{"line":11,"column":4},"end":{"line":11,"column":47}},"7":{"start":{"line":11,"column":17},"end":{"line":11,"column":46}},"8":{"start":{"line":17,"column":4},"end":{"line":46,"column":6}},"9":{"start":{"line":18,"column":8},"end":{"line":18,"column":38}},"10":{"start":{"line":19,"column":8},"end":{"line":19,"column":44}},"11":{"start":{"line":20,"column":8},"end":{"line":20,"column":51}},"12":{"start":{"line":21,"column":8},"end":{"line":21,"column":46}},"13":{"start":{"line":23,"column":8},"end":{"line":23,"column":40}},"14":{"start":{"line":24,"column":8},"end":{"line":24,"column":40}},"15":{"start":{"line":25,"column":8},"end":{"line":25,"column":52}},"16":{"start":{"line":26,"column":8},"end":{"line":26,"column":40}},"17":{"start":{"line":27,"column":8},"end":{"line":27,"column":25}},"18":{"start":{"line":28,"column":8},"end":{"line":28,"column":46}},"19":{"start":{"line":30,"column":8},"end":{"line":30,"column":52}},"20":{"start":{"line":31,"column":8},"end":{"line":31,"column":42}},"21":{"start":{"line":33,"column":8},"end":{"line":33,"column":35}},"22":{"start":{"line":34,"column":26},"end":{"line":34,"column":78}},"23":{"start":{"line":35,"column":8},"end":{"line":35,"column":31}},"24":{"start":{"line":38,"column":8},"end":{"line":38,"column":31}},"25":{"start":{"line":39,"column":21},"end":{"line":39,"column":111}},"26":{"start":{"line":40,"column":8},"end":{"line":40,"column":24}},"27":{"start":{"line":42,"column":8},"end":{"line":42,"column":40}},"28":{"start":{"line":43,"column":19},"end":{"line":43,"column":140}},"29":{"start":{"line":44,"column":8},"end":{"line":44,"column":20}},"30":{"start":{"line":48,"column":4},"end":{"line":57,"column":6}},"31":{"start":{"line":49,"column":8},"end":{"line":49,"column":37}},"32":{"start":{"line":50,"column":8},"end":{"line":55,"column":9}},"33":{"start":{"line":51,"column":23},"end":{"line":51,"column":57}},"34":{"start":{"line":52,"column":12},"end":{"line":52,"column":33}},"35":{"start":{"line":54,"column":12},"end":{"line":54,"column":54}},"36":{"start":{"line":58,"column":4},"end":{"line":68,"column":6}},"37":{"start":{"line":59,"column":8},"end":{"line":67,"column":9}},"38":{"start":{"line":60,"column":12},"end":{"line":60,"column":63}},"39":{"start":{"line":61,"column":23},"end":{"line":61,"column":57}},"40":{"start":{"line":62,"column":12},"end":{"line":62,"column":33}},"41":{"start":{"line":64,"column":12},"end":{"line":64,"column":34}},"42":{"start":{"line":65,"column":12},"end":{"line":65,"column":107}},"43":{"start":{"line":71,"column":4},"end":{"line":82,"column":6}},"44":{"start":{"line":73,"column":8},"end":{"line":80,"column":9}},"45":{"start":{"line":74,"column":12},"end":{"line":74,"column":62}},"46":{"start":{"line":75,"column":23},"end":{"line":75,"column":57}},"47":{"start":{"line":76,"column":12},"end":{"line":76,"column":33}},"48":{"start":{"line":78,"column":12},"end":{"line":78,"column":34}},"49":{"start":{"line":79,"column":12},"end":{"line":79,"column":129}},"50":{"start":{"line":83,"column":4},"end":{"line":85,"column":5}},"51":{"start":{"line":84,"column":8},"end":{"line":84,"column":78}},"52":{"start":{"line":84,"column":21},"end":{"line":84,"column":39}},"53":{"start":{"line":87,"column":4},"end":{"line":89,"column":5}},"54":{"start":{"line":88,"column":8},"end":{"line":88,"column":93}},"55":{"start":{"line":88,"column":21},"end":{"line":88,"column":41}},"56":{"start":{"line":91,"column":4},"end":{"line":93,"column":5}},"57":{"start":{"line":92,"column":8},"end":{"line":92,"column":76}},"58":{"start":{"line":92,"column":21},"end":{"line":92,"column":42}},"59":{"start":{"line":95,"column":4},"end":{"line":97,"column":5}},"60":{"start":{"line":96,"column":8},"end":{"line":96,"column":91}},"61":{"start":{"line":96,"column":21},"end":{"line":96,"column":44}},"62":{"start":{"line":100,"column":4},"end":{"line":100,"column":38}},"63":{"start":{"line":100,"column":16},"end":{"line":100,"column":37}}},"fnMap":{"0":{"name":"(anonymous_0)","decl":{"start":{"line":10,"column":30},"end":{"line":10,"column":31}},"loc":{"start":{"line":10,"column":36},"end":{"line":101,"column":1}},"line":10},"1":{"name":"(anonymous_1)","decl":{"start":{"line":11,"column":11},"end":{"line":11,"column":12}},"loc":{"start":{"line":11,"column":17},"end":{"line":11,"column":46}},"line":11},"2":{"name":"(anonymous_2)","decl":{"start":{"line":17,"column":15},"end":{"line":17,"column":16}},"loc":{"start":{"line":17,"column":27},"end":{"line":46,"column":5}},"line":17},"3":{"name":"(anonymous_3)","decl":{"start":{"line":48,"column":41},"end":{"line":48,"column":42}},"loc":{"start":{"line":48,"column":53},"end":{"line":57,"column":5}},"line":48},"4":{"name":"(anonymous_4)","decl":{"start":{"line":58,"column":52},"end":{"line":58,"column":53}},"loc":{"start":{"line":58,"column":64},"end":{"line":68,"column":5}},"line":58},"5":{"name":"(anonymous_5)","decl":{"start":{"line":71,"column":42},"end":{"line":71,"column":43}},"loc":{"start":{"line":71,"column":54},"end":{"line":82,"column":5}},"line":71},"6":{"name":"(anonymous_6)","decl":{"start":{"line":83,"column":39},"end":{"line":83,"column":40}},"loc":{"start":{"line":84,"column":8},"end":{"line":84,"column":78}},"line":84},"7":{"name":"(anonymous_7)","decl":{"start":{"line":84,"column":15},"end":{"line":84,"column":16}},"loc":{"start":{"line":84,"column":21},"end":{"line":84,"column":39}},"line":84},"8":{"name":"(anonymous_8)","decl":{"start":{"line":87,"column":44},"end":{"line":87,"column":45}},"loc":{"start":{"line":88,"column":8},"end":{"line":88,"column":93}},"line":88},"9":{"name":"(anonymous_9)","decl":{"start":{"line":88,"column":15},"end":{"line":88,"column":16}},"loc":{"start":{"line":88,"column":21},"end":{"line":88,"column":41}},"line":88},"10":{"name":"(anonymous_10)","decl":{"start":{"line":91,"column":37},"end":{"line":91,"column":38}},"loc":{"start":{"line":92,"column":8},"end":{"line":92,"column":76}},"line":92},"11":{"name":"(anonymous_11)","decl":{"start":{"line":92,"column":15},"end":{"line":92,"column":16}},"loc":{"start":{"line":92,"column":21},"end":{"line":92,"column":42}},"line":92},"12":{"name":"(anonymous_12)","decl":{"start":{"line":95,"column":42},"end":{"line":95,"column":43}},"loc":{"start":{"line":96,"column":8},"end":{"line":96,"column":91}},"line":96},"13":{"name":"(anonymous_13)","decl":{"start":{"line":96,"column":15},"end":{"line":96,"column":16}},"loc":{"start":{"line":96,"column":21},"end":{"line":96,"column":44}},"line":96},"14":{"name":"(anonymous_14)","decl":{"start":{"line":100,"column":10},"end":{"line":100,"column":11}},"loc":{"start":{"line":100,"column":16},"end":{"line":100,"column":37}},"line":100}},"branchMap":{},"s":{"0":1,"1":1,"2":1,"3":1,"4":1,"5":1,"6":1,"7":1,"8":1,"9":7,"10":7,"11":7,"12":7,"13":7,"14":7,"15":7,"16":7,"17":7,"18":7,"19":7,"20":7,"21":7,"22":7,"23":7,"24":7,"25":7,"26":7,"27":7,"28":7,"29":7,"30":1,"31":1,"32":1,"33":1,"34":1,"35":0,"36":1,"37":1,"38":1,"39":0,"40":0,"41":1,"42":1,"43":1,"44":1,"45":1,"46":0,"47":0,"48":1,"49":1,"50":1,"51":1,"52":1,"53":1,"54":1,"55":1,"56":1,"57":1,"58":1,"59":1,"60":1,"61":1,"62":1,"63":1},"f":{"0":1,"1":1,"2":7,"3":1,"4":1,"5":1,"6":1,"7":1,"8":1,"9":1,"10":1,"11":1,"12":1,"13":1,"14":1},"b":{},"_coverageSchema":"43e27e138ebf9cfc5966b082cf9a028302ed4184","hash":"90299d4f6587f82a0caf8baa659388f98f843355","contentHash":"62a38b0e6b560b7bf991458b23a93a1c28ed8634310df226e390a610c03ec3d5"},"C:\\Users\\ounci\\bootcamp\\collab\\skylab-bootcamp-201907\\staff\\oihane-unciti\\generisad\\generisad-api\\logic\\delete-ad\\index.js":{"path":"C:\\Users\\ounci\\bootcamp\\collab\\skylab-bootcamp-201907\\staff\\oihane-unciti\\generisad\\generisad-api\\logic\\delete-ad\\index.js","statementMap":{"0":{"start":{"line":1,"column":38},"end":{"line":1,"column":63}},"1":{"start":{"line":2,"column":21},"end":{"line":2,"column":47}},"2":{"start":{"line":13,"column":0},"end":{"line":31,"column":1}},"3":{"start":{"line":14,"column":4},"end":{"line":14,"column":38}},"4":{"start":{"line":15,"column":4},"end":{"line":15,"column":45}},"5":{"start":{"line":18,"column":4},"end":{"line":30,"column":8}},"6":{"start":{"line":19,"column":19},"end":{"line":19,"column":53}},"7":{"start":{"line":20,"column":13},"end":{"line":29,"column":13}},"8":{"start":{"line":20,"column":21},"end":{"line":20,"column":84}},"9":{"start":{"line":22,"column":16},"end":{"line":26,"column":17}},"10":{"start":{"line":22,"column":51},"end":{"line":22,"column":139}},"11":{"start":{"line":24,"column":31},"end":{"line":24,"column":76}},"12":{"start":{"line":25,"column":20},"end":{"line":25,"column":30}}},"fnMap":{"0":{"name":"(anonymous_0)","decl":{"start":{"line":13,"column":17},"end":{"line":13,"column":18}},"loc":{"start":{"line":13,"column":40},"end":{"line":31,"column":1}},"line":13},"1":{"name":"(anonymous_1)","decl":{"start":{"line":18,"column":12},"end":{"line":18,"column":13}},"loc":{"start":{"line":18,"column":24},"end":{"line":30,"column":5}},"line":18}},"branchMap":{"0":{"loc":{"start":{"line":20,"column":13},"end":{"line":29,"column":13}},"type":"if","locations":[{"start":{"line":20,"column":13},"end":{"line":29,"column":13}},{"start":{"line":20,"column":13},"end":{"line":29,"column":13}}],"line":20},"1":{"loc":{"start":{"line":22,"column":16},"end":{"line":26,"column":17}},"type":"if","locations":[{"start":{"line":22,"column":16},"end":{"line":26,"column":17}},{"start":{"line":22,"column":16},"end":{"line":26,"column":17}}],"line":22}},"s":{"0":1,"1":1,"2":1,"3":7,"4":5,"5":3,"6":3,"7":3,"8":1,"9":2,"10":1,"11":1,"12":1},"f":{"0":7,"1":3},"b":{"0":[1,2],"1":[1,1]},"_coverageSchema":"43e27e138ebf9cfc5966b082cf9a028302ed4184","hash":"3ec04856eedf999edccb8252101aa63dab7a0eb3","contentHash":"9ec1126dc7bd484be39fa16498032e069a6965c453f7effa7cfa5c3873557ccd"},"C:\\Users\\ounci\\bootcamp\\collab\\skylab-bootcamp-201907\\staff\\oihane-unciti\\generisad\\generisad-api\\logic\\register-ad\\index.spec.js":{"path":"C:\\Users\\ounci\\bootcamp\\collab\\skylab-bootcamp-201907\\staff\\oihane-unciti\\generisad\\generisad-api\\logic\\register-ad\\index.spec.js","statementMap":{"0":{"start":{"line":2,"column":0},"end":{"line":2,"column":26}},"1":{"start":{"line":4,"column":19},"end":{"line":4,"column":34}},"2":{"start":{"line":5,"column":19},"end":{"line":5,"column":31}},"3":{"start":{"line":6,"column":64},"end":{"line":6,"column":89}},"4":{"start":{"line":8,"column":32},"end":{"line":8,"column":39}},"5":{"start":{"line":10,"column":0},"end":{"line":162,"column":2}},"6":{"start":{"line":11,"column":4},"end":{"line":11,"column":47}},"7":{"start":{"line":11,"column":17},"end":{"line":11,"column":46}},"8":{"start":{"line":18,"column":4},"end":{"line":42,"column":6}},"9":{"start":{"line":19,"column":8},"end":{"line":19,"column":40}},"10":{"start":{"line":20,"column":8},"end":{"line":20,"column":40}},"11":{"start":{"line":21,"column":8},"end":{"line":21,"column":52}},"12":{"start":{"line":22,"column":8},"end":{"line":22,"column":40}},"13":{"start":{"line":23,"column":8},"end":{"line":23,"column":46}},"14":{"start":{"line":24,"column":8},"end":{"line":24,"column":25}},"15":{"start":{"line":26,"column":8},"end":{"line":26,"column":40}},"16":{"start":{"line":27,"column":8},"end":{"line":27,"column":38}},"17":{"start":{"line":28,"column":8},"end":{"line":28,"column":44}},"18":{"start":{"line":29,"column":8},"end":{"line":29,"column":50}},"19":{"start":{"line":30,"column":8},"end":{"line":30,"column":41}},"20":{"start":{"line":32,"column":8},"end":{"line":32,"column":52}},"21":{"start":{"line":33,"column":8},"end":{"line":33,"column":42}},"22":{"start":{"line":35,"column":8},"end":{"line":35,"column":35}},"23":{"start":{"line":36,"column":26},"end":{"line":36,"column":78}},"24":{"start":{"line":37,"column":8},"end":{"line":37,"column":31}},"25":{"start":{"line":39,"column":8},"end":{"line":39,"column":31}},"26":{"start":{"line":40,"column":21},"end":{"line":40,"column":111}},"27":{"start":{"line":41,"column":8},"end":{"line":41,"column":20}},"28":{"start":{"line":44,"column":4},"end":{"line":57,"column":6}},"29":{"start":{"line":45,"column":32},"end":{"line":45,"column":104}},"30":{"start":{"line":46,"column":23},"end":{"line":46,"column":68}},"31":{"start":{"line":48,"column":12},"end":{"line":48,"column":35}},"32":{"start":{"line":49,"column":12},"end":{"line":49,"column":55}},"33":{"start":{"line":50,"column":12},"end":{"line":50,"column":48}},"34":{"start":{"line":51,"column":12},"end":{"line":51,"column":60}},"35":{"start":{"line":52,"column":12},"end":{"line":52,"column":48}},"36":{"start":{"line":53,"column":12},"end":{"line":53,"column":54}},"37":{"start":{"line":54,"column":12},"end":{"line":54,"column":56}},"38":{"start":{"line":55,"column":12},"end":{"line":55,"column":71}},"39":{"start":{"line":59,"column":4},"end":{"line":68,"column":6}},"40":{"start":{"line":60,"column":26},"end":{"line":60,"column":52}},"41":{"start":{"line":61,"column":8},"end":{"line":67,"column":9}},"42":{"start":{"line":62,"column":12},"end":{"line":62,"column":93}},"43":{"start":{"line":63,"column":12},"end":{"line":63,"column":58}},"44":{"start":{"line":65,"column":12},"end":{"line":65,"column":34}},"45":{"start":{"line":66,"column":12},"end":{"line":66,"column":93}},"46":{"start":{"line":70,"column":4},"end":{"line":74,"column":5}},"47":{"start":{"line":71,"column":8},"end":{"line":73,"column":45}},"48":{"start":{"line":72,"column":12},"end":{"line":72,"column":70}},"49":{"start":{"line":76,"column":4},"end":{"line":80,"column":5}},"50":{"start":{"line":77,"column":8},"end":{"line":79,"column":64}},"51":{"start":{"line":78,"column":12},"end":{"line":78,"column":77}},"52":{"start":{"line":82,"column":4},"end":{"line":86,"column":5}},"53":{"start":{"line":83,"column":8},"end":{"line":85,"column":58}},"54":{"start":{"line":84,"column":12},"end":{"line":84,"column":72}},"55":{"start":{"line":88,"column":4},"end":{"line":92,"column":5}},"56":{"start":{"line":89,"column":8},"end":{"line":91,"column":45}},"57":{"start":{"line":90,"column":12},"end":{"line":90,"column":72}},"58":{"start":{"line":94,"column":4},"end":{"line":98,"column":5}},"59":{"start":{"line":95,"column":8},"end":{"line":97,"column":64}},"60":{"start":{"line":96,"column":12},"end":{"line":96,"column":78}},"61":{"start":{"line":100,"column":4},"end":{"line":104,"column":5}},"62":{"start":{"line":101,"column":8},"end":{"line":103,"column":58}},"63":{"start":{"line":102,"column":12},"end":{"line":102,"column":72}},"64":{"start":{"line":106,"column":4},"end":{"line":110,"column":5}},"65":{"start":{"line":107,"column":8},"end":{"line":109,"column":51}},"66":{"start":{"line":108,"column":12},"end":{"line":108,"column":67}},"67":{"start":{"line":112,"column":4},"end":{"line":116,"column":5}},"68":{"start":{"line":113,"column":8},"end":{"line":115,"column":70}},"69":{"start":{"line":114,"column":12},"end":{"line":114,"column":73}},"70":{"start":{"line":118,"column":4},"end":{"line":122,"column":5}},"71":{"start":{"line":119,"column":8},"end":{"line":121,"column":64}},"72":{"start":{"line":120,"column":12},"end":{"line":120,"column":66}},"73":{"start":{"line":124,"column":4},"end":{"line":128,"column":5}},"74":{"start":{"line":125,"column":8},"end":{"line":127,"column":45}},"75":{"start":{"line":126,"column":12},"end":{"line":126,"column":71}},"76":{"start":{"line":130,"column":4},"end":{"line":134,"column":5}},"77":{"start":{"line":131,"column":8},"end":{"line":133,"column":64}},"78":{"start":{"line":132,"column":12},"end":{"line":132,"column":79}},"79":{"start":{"line":136,"column":4},"end":{"line":140,"column":5}},"80":{"start":{"line":137,"column":8},"end":{"line":139,"column":58}},"81":{"start":{"line":138,"column":12},"end":{"line":138,"column":72}},"82":{"start":{"line":142,"column":4},"end":{"line":146,"column":5}},"83":{"start":{"line":143,"column":8},"end":{"line":145,"column":48}},"84":{"start":{"line":144,"column":12},"end":{"line":144,"column":68}},"85":{"start":{"line":148,"column":4},"end":{"line":152,"column":5}},"86":{"start":{"line":149,"column":8},"end":{"line":151,"column":67}},"87":{"start":{"line":150,"column":12},"end":{"line":150,"column":76}},"88":{"start":{"line":154,"column":4},"end":{"line":159,"column":5}},"89":{"start":{"line":155,"column":8},"end":{"line":157,"column":57}},"90":{"start":{"line":156,"column":12},"end":{"line":156,"column":70}},"91":{"start":{"line":161,"column":4},"end":{"line":161,"column":38}},"92":{"start":{"line":161,"column":16},"end":{"line":161,"column":37}}},"fnMap":{"0":{"name":"(anonymous_0)","decl":{"start":{"line":10,"column":32},"end":{"line":10,"column":33}},"loc":{"start":{"line":10,"column":38},"end":{"line":162,"column":1}},"line":10},"1":{"name":"(anonymous_1)","decl":{"start":{"line":11,"column":11},"end":{"line":11,"column":12}},"loc":{"start":{"line":11,"column":17},"end":{"line":11,"column":46}},"line":11},"2":{"name":"(anonymous_2)","decl":{"start":{"line":18,"column":15},"end":{"line":18,"column":16}},"loc":{"start":{"line":18,"column":27},"end":{"line":42,"column":5}},"line":18},"3":{"name":"(anonymous_3)","decl":{"start":{"line":44,"column":41},"end":{"line":44,"column":42}},"loc":{"start":{"line":44,"column":52},"end":{"line":57,"column":5}},"line":44},"4":{"name":"(anonymous_4)","decl":{"start":{"line":59,"column":43},"end":{"line":59,"column":44}},"loc":{"start":{"line":59,"column":54},"end":{"line":68,"column":5}},"line":59},"5":{"name":"(anonymous_5)","decl":{"start":{"line":70,"column":37},"end":{"line":70,"column":38}},"loc":{"start":{"line":71,"column":8},"end":{"line":73,"column":45}},"line":71},"6":{"name":"(anonymous_6)","decl":{"start":{"line":71,"column":15},"end":{"line":71,"column":16}},"loc":{"start":{"line":72,"column":12},"end":{"line":72,"column":70}},"line":72},"7":{"name":"(anonymous_7)","decl":{"start":{"line":76,"column":41},"end":{"line":76,"column":42}},"loc":{"start":{"line":77,"column":8},"end":{"line":79,"column":64}},"line":77},"8":{"name":"(anonymous_8)","decl":{"start":{"line":77,"column":15},"end":{"line":77,"column":16}},"loc":{"start":{"line":78,"column":12},"end":{"line":78,"column":77}},"line":78},"9":{"name":"(anonymous_9)","decl":{"start":{"line":82,"column":41},"end":{"line":82,"column":42}},"loc":{"start":{"line":83,"column":8},"end":{"line":85,"column":58}},"line":83},"10":{"name":"(anonymous_10)","decl":{"start":{"line":83,"column":15},"end":{"line":83,"column":16}},"loc":{"start":{"line":84,"column":12},"end":{"line":84,"column":72}},"line":84},"11":{"name":"(anonymous_11)","decl":{"start":{"line":88,"column":37},"end":{"line":88,"column":38}},"loc":{"start":{"line":89,"column":8},"end":{"line":91,"column":45}},"line":89},"12":{"name":"(anonymous_12)","decl":{"start":{"line":89,"column":15},"end":{"line":89,"column":16}},"loc":{"start":{"line":90,"column":12},"end":{"line":90,"column":72}},"line":90},"13":{"name":"(anonymous_13)","decl":{"start":{"line":94,"column":41},"end":{"line":94,"column":42}},"loc":{"start":{"line":95,"column":8},"end":{"line":97,"column":64}},"line":95},"14":{"name":"(anonymous_14)","decl":{"start":{"line":95,"column":15},"end":{"line":95,"column":16}},"loc":{"start":{"line":96,"column":12},"end":{"line":96,"column":78}},"line":96},"15":{"name":"(anonymous_15)","decl":{"start":{"line":100,"column":41},"end":{"line":100,"column":42}},"loc":{"start":{"line":101,"column":8},"end":{"line":103,"column":58}},"line":101},"16":{"name":"(anonymous_16)","decl":{"start":{"line":101,"column":15},"end":{"line":101,"column":16}},"loc":{"start":{"line":102,"column":12},"end":{"line":102,"column":72}},"line":102},"17":{"name":"(anonymous_17)","decl":{"start":{"line":106,"column":43},"end":{"line":106,"column":44}},"loc":{"start":{"line":107,"column":8},"end":{"line":109,"column":51}},"line":107},"18":{"name":"(anonymous_18)","decl":{"start":{"line":107,"column":15},"end":{"line":107,"column":16}},"loc":{"start":{"line":108,"column":12},"end":{"line":108,"column":67}},"line":108},"19":{"name":"(anonymous_19)","decl":{"start":{"line":112,"column":47},"end":{"line":112,"column":48}},"loc":{"start":{"line":113,"column":8},"end":{"line":115,"column":70}},"line":113},"20":{"name":"(anonymous_20)","decl":{"start":{"line":113,"column":15},"end":{"line":113,"column":16}},"loc":{"start":{"line":114,"column":12},"end":{"line":114,"column":73}},"line":114},"21":{"name":"(anonymous_21)","decl":{"start":{"line":118,"column":41},"end":{"line":118,"column":42}},"loc":{"start":{"line":119,"column":8},"end":{"line":121,"column":64}},"line":119},"22":{"name":"(anonymous_22)","decl":{"start":{"line":119,"column":15},"end":{"line":119,"column":16}},"loc":{"start":{"line":120,"column":12},"end":{"line":120,"column":66}},"line":120},"23":{"name":"(anonymous_23)","decl":{"start":{"line":124,"column":37},"end":{"line":124,"column":38}},"loc":{"start":{"line":125,"column":8},"end":{"line":127,"column":45}},"line":125},"24":{"name":"(anonymous_24)","decl":{"start":{"line":125,"column":15},"end":{"line":125,"column":16}},"loc":{"start":{"line":126,"column":12},"end":{"line":126,"column":71}},"line":126},"25":{"name":"(anonymous_25)","decl":{"start":{"line":130,"column":41},"end":{"line":130,"column":42}},"loc":{"start":{"line":131,"column":8},"end":{"line":133,"column":64}},"line":131},"26":{"name":"(anonymous_26)","decl":{"start":{"line":131,"column":15},"end":{"line":131,"column":16}},"loc":{"start":{"line":132,"column":12},"end":{"line":132,"column":79}},"line":132},"27":{"name":"(anonymous_27)","decl":{"start":{"line":136,"column":41},"end":{"line":136,"column":42}},"loc":{"start":{"line":137,"column":8},"end":{"line":139,"column":58}},"line":137},"28":{"name":"(anonymous_28)","decl":{"start":{"line":137,"column":15},"end":{"line":137,"column":16}},"loc":{"start":{"line":138,"column":12},"end":{"line":138,"column":72}},"line":138},"29":{"name":"(anonymous_29)","decl":{"start":{"line":142,"column":40},"end":{"line":142,"column":41}},"loc":{"start":{"line":143,"column":8},"end":{"line":145,"column":48}},"line":143},"30":{"name":"(anonymous_30)","decl":{"start":{"line":143,"column":15},"end":{"line":143,"column":16}},"loc":{"start":{"line":144,"column":12},"end":{"line":144,"column":68}},"line":144},"31":{"name":"(anonymous_31)","decl":{"start":{"line":148,"column":44},"end":{"line":148,"column":45}},"loc":{"start":{"line":149,"column":8},"end":{"line":151,"column":67}},"line":149},"32":{"name":"(anonymous_32)","decl":{"start":{"line":149,"column":15},"end":{"line":149,"column":16}},"loc":{"start":{"line":150,"column":12},"end":{"line":150,"column":76}},"line":150},"33":{"name":"(anonymous_33)","decl":{"start":{"line":154,"column":41},"end":{"line":154,"column":42}},"loc":{"start":{"line":155,"column":8},"end":{"line":157,"column":57}},"line":155},"34":{"name":"(anonymous_34)","decl":{"start":{"line":155,"column":15},"end":{"line":155,"column":16}},"loc":{"start":{"line":156,"column":12},"end":{"line":156,"column":70}},"line":156},"35":{"name":"(anonymous_35)","decl":{"start":{"line":161,"column":10},"end":{"line":161,"column":11}},"loc":{"start":{"line":161,"column":16},"end":{"line":161,"column":37}},"line":161}},"branchMap":{},"s":{"0":1,"1":1,"2":1,"3":1,"4":1,"5":1,"6":1,"7":1,"8":1,"9":17,"10":17,"11":17,"12":17,"13":17,"14":17,"15":17,"16":17,"17":17,"18":17,"19":17,"20":17,"21":17,"22":17,"23":17,"24":17,"25":17,"26":17,"27":17,"28":1,"29":1,"30":1,"31":1,"32":1,"33":1,"34":1,"35":1,"36":1,"37":1,"38":1,"39":1,"40":1,"41":1,"42":1,"43":0,"44":1,"45":1,"46":1,"47":1,"48":1,"49":1,"50":1,"51":1,"52":1,"53":1,"54":1,"55":1,"56":1,"57":1,"58":1,"59":1,"60":1,"61":1,"62":1,"63":1,"64":1,"65":1,"66":1,"67":1,"68":1,"69":1,"70":1,"71":1,"72":1,"73":1,"74":1,"75":1,"76":1,"77":1,"78":1,"79":1,"80":1,"81":1,"82":1,"83":1,"84":1,"85":1,"86":1,"87":1,"88":1,"89":1,"90":1,"91":1,"92":1},"f":{"0":1,"1":1,"2":17,"3":1,"4":1,"5":1,"6":1,"7":1,"8":1,"9":1,"10":1,"11":1,"12":1,"13":1,"14":1,"15":1,"16":1,"17":1,"18":1,"19":1,"20":1,"21":1,"22":1,"23":1,"24":1,"25":1,"26":1,"27":1,"28":1,"29":1,"30":1,"31":1,"32":1,"33":1,"34":1,"35":1},"b":{},"_coverageSchema":"43e27e138ebf9cfc5966b082cf9a028302ed4184","hash":"a4961165a77444f7acd63f5a204e1cefb28b6140","contentHash":"23844dfa5992d2bc756dae2fd7578e5f07bba43a46a1bf132d4821d0f6768eae"},"C:\\Users\\ounci\\bootcamp\\collab\\skylab-bootcamp-201907\\staff\\oihane-unciti\\generisad\\generisad-api\\logic\\register-ad\\index.js":{"path":"C:\\Users\\ounci\\bootcamp\\collab\\skylab-bootcamp-201907\\staff\\oihane-unciti\\generisad\\generisad-api\\logic\\register-ad\\index.js","statementMap":{"0":{"start":{"line":1,"column":54},"end":{"line":1,"column":79}},"1":{"start":{"line":2,"column":21},"end":{"line":2,"column":47}},"2":{"start":{"line":15,"column":0},"end":{"line":38,"column":1}},"3":{"start":{"line":17,"column":4},"end":{"line":17,"column":35}},"4":{"start":{"line":18,"column":4},"end":{"line":18,"column":35}},"5":{"start":{"line":19,"column":4},"end":{"line":19,"column":47}},"6":{"start":{"line":20,"column":4},"end":{"line":20,"column":35}},"7":{"start":{"line":21,"column":4},"end":{"line":21,"column":41}},"8":{"start":{"line":23,"column":4},"end":{"line":23,"column":37}},"9":{"start":{"line":24,"column":4},"end":{"line":24,"column":37}},"10":{"start":{"line":26,"column":17},"end":{"line":26,"column":27}},"11":{"start":{"line":27,"column":4},"end":{"line":37,"column":8}},"12":{"start":{"line":28,"column":21},"end":{"line":28,"column":48}},"13":{"start":{"line":29,"column":8},"end":{"line":29,"column":65}},"14":{"start":{"line":29,"column":18},"end":{"line":29,"column":65}},"15":{"start":{"line":31,"column":25},"end":{"line":31,"column":59}},"16":{"start":{"line":32,"column":8},"end":{"line":32,"column":63}},"17":{"start":{"line":32,"column":22},"end":{"line":32,"column":63}},"18":{"start":{"line":33,"column":26},"end":{"line":33,"column":38}},"19":{"start":{"line":35,"column":18},"end":{"line":35,"column":141}},"20":{"start":{"line":36,"column":7},"end":{"line":36,"column":30}}},"fnMap":{"0":{"name":"(anonymous_0)","decl":{"start":{"line":15,"column":17},"end":{"line":15,"column":18}},"loc":{"start":{"line":15,"column":86},"end":{"line":38,"column":1}},"line":15},"1":{"name":"(anonymous_1)","decl":{"start":{"line":27,"column":12},"end":{"line":27,"column":13}},"loc":{"start":{"line":27,"column":24},"end":{"line":37,"column":5}},"line":27}},"branchMap":{"0":{"loc":{"start":{"line":29,"column":8},"end":{"line":29,"column":65}},"type":"if","locations":[{"start":{"line":29,"column":8},"end":{"line":29,"column":65}},{"start":{"line":29,"column":8},"end":{"line":29,"column":65}}],"line":29},"1":{"loc":{"start":{"line":32,"column":8},"end":{"line":32,"column":63}},"type":"if","locations":[{"start":{"line":32,"column":8},"end":{"line":32,"column":63}},{"start":{"line":32,"column":8},"end":{"line":32,"column":63}}],"line":32}},"s":{"0":1,"1":1,"2":1,"3":17,"4":14,"5":11,"6":8,"7":5,"8":2,"9":2,"10":2,"11":2,"12":2,"13":2,"14":1,"15":1,"16":1,"17":0,"18":1,"19":1,"20":1},"f":{"0":17,"1":2},"b":{"0":[1,1],"1":[0,1]},"_coverageSchema":"43e27e138ebf9cfc5966b082cf9a028302ed4184","hash":"f023bb18f4c6b1e75def573379bd2429cd41f50a","contentHash":"335ce82bba06110f69e7cce95edbf97c5993059289c85ef2806a8452f383e6e3"},"C:\\Users\\ounci\\bootcamp\\collab\\skylab-bootcamp-201907\\staff\\oihane-unciti\\generisad\\generisad-api\\logic\\register-user\\index.spec.js":{"path":"C:\\Users\\ounci\\bootcamp\\collab\\skylab-bootcamp-201907\\staff\\oihane-unciti\\generisad\\generisad-api\\logic\\register-user\\index.spec.js","statementMap":{"0":{"start":{"line":2,"column":0},"end":{"line":2,"column":26}},"1":{"start":{"line":4,"column":19},"end":{"line":4,"column":34}},"2":{"start":{"line":5,"column":21},"end":{"line":5,"column":33}},"3":{"start":{"line":6,"column":48},"end":{"line":6,"column":73}},"4":{"start":{"line":7,"column":15},"end":{"line":7,"column":34}},"5":{"start":{"line":9,"column":32},"end":{"line":9,"column":39}},"6":{"start":{"line":11,"column":0},"end":{"line":96,"column":2}},"7":{"start":{"line":12,"column":4},"end":{"line":12,"column":47}},"8":{"start":{"line":12,"column":17},"end":{"line":12,"column":46}},"9":{"start":{"line":16,"column":4},"end":{"line":32,"column":6}},"10":{"start":{"line":18,"column":8},"end":{"line":18,"column":52}},"11":{"start":{"line":19,"column":8},"end":{"line":19,"column":42}},"12":{"start":{"line":21,"column":8},"end":{"line":21,"column":38}},"13":{"start":{"line":22,"column":8},"end":{"line":22,"column":44}},"14":{"start":{"line":23,"column":8},"end":{"line":23,"column":51}},"15":{"start":{"line":24,"column":8},"end":{"line":24,"column":46}},"16":{"start":{"line":25,"column":8},"end":{"line":25,"column":21}},"17":{"start":{"line":27,"column":8},"end":{"line":27,"column":35}},"18":{"start":{"line":28,"column":26},"end":{"line":28,"column":78}},"19":{"start":{"line":29,"column":8},"end":{"line":29,"column":31}},"20":{"start":{"line":31,"column":8},"end":{"line":31,"column":31}},"21":{"start":{"line":34,"column":4},"end":{"line":48,"column":6}},"22":{"start":{"line":35,"column":23},"end":{"line":35,"column":81}},"23":{"start":{"line":36,"column":12},"end":{"line":36,"column":35}},"24":{"start":{"line":38,"column":25},"end":{"line":38,"column":54}},"25":{"start":{"line":39,"column":16},"end":{"line":39,"column":37}},"26":{"start":{"line":40,"column":16},"end":{"line":40,"column":48}},"27":{"start":{"line":41,"column":16},"end":{"line":41,"column":54}},"28":{"start":{"line":42,"column":16},"end":{"line":42,"column":50}},"29":{"start":{"line":43,"column":30},"end":{"line":43,"column":74}},"30":{"start":{"line":44,"column":16},"end":{"line":44,"column":40}},"31":{"start":{"line":45,"column":16},"end":{"line":45,"column":57}},"32":{"start":{"line":46,"column":16},"end":{"line":46,"column":73}},"33":{"start":{"line":49,"column":4},"end":{"line":58,"column":6}},"34":{"start":{"line":50,"column":8},"end":{"line":50,"column":69}},"35":{"start":{"line":51,"column":12},"end":{"line":57,"column":17}},"36":{"start":{"line":52,"column":16},"end":{"line":52,"column":74}},"37":{"start":{"line":53,"column":16},"end":{"line":53,"column":62}},"38":{"start":{"line":55,"column":20},"end":{"line":55,"column":42}},"39":{"start":{"line":56,"column":20},"end":{"line":56,"column":94}},"40":{"start":{"line":60,"column":4},"end":{"line":62,"column":5}},"41":{"start":{"line":61,"column":8},"end":{"line":61,"column":107}},"42":{"start":{"line":61,"column":21},"end":{"line":61,"column":71}},"43":{"start":{"line":64,"column":4},"end":{"line":66,"column":5}},"44":{"start":{"line":65,"column":8},"end":{"line":65,"column":121}},"45":{"start":{"line":65,"column":21},"end":{"line":65,"column":72}},"46":{"start":{"line":68,"column":4},"end":{"line":70,"column":5}},"47":{"start":{"line":69,"column":8},"end":{"line":69,"column":107}},"48":{"start":{"line":69,"column":21},"end":{"line":69,"column":68}},"49":{"start":{"line":72,"column":4},"end":{"line":74,"column":5}},"50":{"start":{"line":73,"column":8},"end":{"line":73,"column":121}},"51":{"start":{"line":73,"column":21},"end":{"line":73,"column":69}},"52":{"start":{"line":76,"column":4},"end":{"line":78,"column":5}},"53":{"start":{"line":77,"column":8},"end":{"line":77,"column":145}},"54":{"start":{"line":77,"column":21},"end":{"line":77,"column":81}},"55":{"start":{"line":80,"column":4},"end":{"line":82,"column":5}},"56":{"start":{"line":81,"column":8},"end":{"line":81,"column":145}},"57":{"start":{"line":81,"column":21},"end":{"line":81,"column":81}},"58":{"start":{"line":84,"column":4},"end":{"line":86,"column":5}},"59":{"start":{"line":85,"column":8},"end":{"line":85,"column":121}},"60":{"start":{"line":85,"column":21},"end":{"line":85,"column":71}},"61":{"start":{"line":88,"column":4},"end":{"line":90,"column":5}},"62":{"start":{"line":89,"column":8},"end":{"line":89,"column":107}},"63":{"start":{"line":89,"column":21},"end":{"line":89,"column":67}},"64":{"start":{"line":92,"column":4},"end":{"line":94,"column":5}},"65":{"start":{"line":93,"column":8},"end":{"line":93,"column":121}},"66":{"start":{"line":93,"column":21},"end":{"line":93,"column":68}},"67":{"start":{"line":95,"column":4},"end":{"line":95,"column":38}},"68":{"start":{"line":95,"column":16},"end":{"line":95,"column":37}}},"fnMap":{"0":{"name":"(anonymous_0)","decl":{"start":{"line":11,"column":34},"end":{"line":11,"column":35}},"loc":{"start":{"line":11,"column":40},"end":{"line":96,"column":1}},"line":11},"1":{"name":"(anonymous_1)","decl":{"start":{"line":12,"column":11},"end":{"line":12,"column":12}},"loc":{"start":{"line":12,"column":17},"end":{"line":12,"column":46}},"line":12},"2":{"name":"(anonymous_2)","decl":{"start":{"line":16,"column":15},"end":{"line":16,"column":16}},"loc":{"start":{"line":16,"column":27},"end":{"line":32,"column":5}},"line":16},"3":{"name":"(anonymous_3)","decl":{"start":{"line":34,"column":41},"end":{"line":34,"column":42}},"loc":{"start":{"line":34,"column":52},"end":{"line":48,"column":5}},"line":34},"4":{"name":"(anonymous_4)","decl":{"start":{"line":49,"column":49},"end":{"line":49,"column":50}},"loc":{"start":{"line":49,"column":61},"end":{"line":58,"column":5}},"line":49},"5":{"name":"(anonymous_5)","decl":{"start":{"line":60,"column":36},"end":{"line":60,"column":37}},"loc":{"start":{"line":61,"column":8},"end":{"line":61,"column":107}},"line":61},"6":{"name":"(anonymous_6)","decl":{"start":{"line":61,"column":15},"end":{"line":61,"column":16}},"loc":{"start":{"line":61,"column":21},"end":{"line":61,"column":71}},"line":61},"7":{"name":"(anonymous_7)","decl":{"start":{"line":64,"column":41},"end":{"line":64,"column":42}},"loc":{"start":{"line":65,"column":8},"end":{"line":65,"column":121}},"line":65},"8":{"name":"(anonymous_8)","decl":{"start":{"line":65,"column":15},"end":{"line":65,"column":16}},"loc":{"start":{"line":65,"column":21},"end":{"line":65,"column":72}},"line":65},"9":{"name":"(anonymous_9)","decl":{"start":{"line":68,"column":39},"end":{"line":68,"column":40}},"loc":{"start":{"line":69,"column":8},"end":{"line":69,"column":107}},"line":69},"10":{"name":"(anonymous_10)","decl":{"start":{"line":69,"column":15},"end":{"line":69,"column":16}},"loc":{"start":{"line":69,"column":21},"end":{"line":69,"column":68}},"line":69},"11":{"name":"(anonymous_11)","decl":{"start":{"line":72,"column":44},"end":{"line":72,"column":45}},"loc":{"start":{"line":73,"column":8},"end":{"line":73,"column":121}},"line":73},"12":{"name":"(anonymous_12)","decl":{"start":{"line":73,"column":15},"end":{"line":73,"column":16}},"loc":{"start":{"line":73,"column":21},"end":{"line":73,"column":69}},"line":73},"13":{"name":"(anonymous_13)","decl":{"start":{"line":76,"column":37},"end":{"line":76,"column":38}},"loc":{"start":{"line":77,"column":8},"end":{"line":77,"column":145}},"line":77},"14":{"name":"(anonymous_14)","decl":{"start":{"line":77,"column":15},"end":{"line":77,"column":16}},"loc":{"start":{"line":77,"column":21},"end":{"line":77,"column":81}},"line":77},"15":{"name":"(anonymous_15)","decl":{"start":{"line":80,"column":44},"end":{"line":80,"column":45}},"loc":{"start":{"line":81,"column":8},"end":{"line":81,"column":145}},"line":81},"16":{"name":"(anonymous_16)","decl":{"start":{"line":81,"column":15},"end":{"line":81,"column":16}},"loc":{"start":{"line":81,"column":21},"end":{"line":81,"column":81}},"line":81},"17":{"name":"(anonymous_17)","decl":{"start":{"line":84,"column":42},"end":{"line":84,"column":43}},"loc":{"start":{"line":85,"column":8},"end":{"line":85,"column":121}},"line":85},"18":{"name":"(anonymous_18)","decl":{"start":{"line":85,"column":15},"end":{"line":85,"column":16}},"loc":{"start":{"line":85,"column":21},"end":{"line":85,"column":71}},"line":85},"19":{"name":"(anonymous_19)","decl":{"start":{"line":88,"column":40},"end":{"line":88,"column":41}},"loc":{"start":{"line":89,"column":8},"end":{"line":89,"column":107}},"line":89},"20":{"name":"(anonymous_20)","decl":{"start":{"line":89,"column":15},"end":{"line":89,"column":16}},"loc":{"start":{"line":89,"column":21},"end":{"line":89,"column":67}},"line":89},"21":{"name":"(anonymous_21)","decl":{"start":{"line":92,"column":45},"end":{"line":92,"column":46}},"loc":{"start":{"line":93,"column":8},"end":{"line":93,"column":121}},"line":93},"22":{"name":"(anonymous_22)","decl":{"start":{"line":93,"column":15},"end":{"line":93,"column":16}},"loc":{"start":{"line":93,"column":21},"end":{"line":93,"column":68}},"line":93},"23":{"name":"(anonymous_23)","decl":{"start":{"line":95,"column":10},"end":{"line":95,"column":11}},"loc":{"start":{"line":95,"column":16},"end":{"line":95,"column":37}},"line":95}},"branchMap":{},"s":{"0":1,"1":1,"2":1,"3":1,"4":1,"5":1,"6":1,"7":1,"8":1,"9":1,"10":11,"11":11,"12":11,"13":11,"14":11,"15":11,"16":11,"17":11,"18":11,"19":11,"20":11,"21":1,"22":1,"23":1,"24":1,"25":1,"26":1,"27":1,"28":1,"29":1,"30":1,"31":1,"32":1,"33":1,"34":1,"35":1,"36":1,"37":0,"38":1,"39":1,"40":1,"41":1,"42":1,"43":1,"44":1,"45":1,"46":1,"47":1,"48":1,"49":1,"50":1,"51":1,"52":1,"53":1,"54":1,"55":1,"56":1,"57":1,"58":1,"59":1,"60":1,"61":1,"62":1,"63":1,"64":1,"65":1,"66":1,"67":1,"68":1},"f":{"0":1,"1":1,"2":11,"3":1,"4":1,"5":1,"6":1,"7":1,"8":1,"9":1,"10":1,"11":1,"12":1,"13":1,"14":1,"15":1,"16":1,"17":1,"18":1,"19":1,"20":1,"21":1,"22":1,"23":1},"b":{},"_coverageSchema":"43e27e138ebf9cfc5966b082cf9a028302ed4184","hash":"d6fff996d24024e86df5e3ca68be787feda882fd","contentHash":"057e41aba92972758b6008893e1d8ba1e515e335dc15212276f36511463f736a"},"C:\\Users\\ounci\\bootcamp\\collab\\skylab-bootcamp-201907\\staff\\oihane-unciti\\generisad\\generisad-api\\logic\\register-user\\index.js":{"path":"C:\\Users\\ounci\\bootcamp\\collab\\skylab-bootcamp-201907\\staff\\oihane-unciti\\generisad\\generisad-api\\logic\\register-user\\index.js","statementMap":{"0":{"start":{"line":1,"column":39},"end":{"line":1,"column":64}},"1":{"start":{"line":2,"column":21},"end":{"line":2,"column":47}},"2":{"start":{"line":3,"column":15},"end":{"line":3,"column":34}},"3":{"start":{"line":16,"column":0},"end":{"line":43,"column":1}},"4":{"start":{"line":18,"column":4},"end":{"line":18,"column":33}},"5":{"start":{"line":19,"column":4},"end":{"line":19,"column":39}},"6":{"start":{"line":20,"column":4},"end":{"line":20,"column":35}},"7":{"start":{"line":21,"column":4},"end":{"line":21,"column":34}},"8":{"start":{"line":22,"column":4},"end":{"line":22,"column":41}},"9":{"start":{"line":23,"column":4},"end":{"line":23,"column":37}},"10":{"start":{"line":25,"column":4},"end":{"line":41,"column":9}},"11":{"start":{"line":29,"column":25},"end":{"line":29,"column":59}},"12":{"start":{"line":31,"column":26},"end":{"line":31,"column":38}},"13":{"start":{"line":33,"column":21},"end":{"line":33,"column":50}},"14":{"start":{"line":35,"column":8},"end":{"line":35,"column":77}},"15":{"start":{"line":35,"column":17},"end":{"line":35,"column":77}},"16":{"start":{"line":37,"column":21},"end":{"line":37,"column":51}},"17":{"start":{"line":39,"column":8},"end":{"line":39,"column":102}},"18":{"start":{"line":40,"column":8},"end":{"line":40,"column":18}}},"fnMap":{"0":{"name":"(anonymous_0)","decl":{"start":{"line":16,"column":17},"end":{"line":16,"column":18}},"loc":{"start":{"line":16,"column":66},"end":{"line":43,"column":1}},"line":16},"1":{"name":"(anonymous_1)","decl":{"start":{"line":25,"column":11},"end":{"line":25,"column":12}},"loc":{"start":{"line":25,"column":21},"end":{"line":41,"column":6}},"line":25}},"branchMap":{"0":{"loc":{"start":{"line":35,"column":8},"end":{"line":35,"column":77}},"type":"if","locations":[{"start":{"line":35,"column":8},"end":{"line":35,"column":77}},{"start":{"line":35,"column":8},"end":{"line":35,"column":77}}],"line":35}},"s":{"0":1,"1":1,"2":1,"3":1,"4":11,"5":9,"6":7,"7":6,"8":4,"9":2,"10":2,"11":2,"12":2,"13":2,"14":2,"15":1,"16":1,"17":1,"18":1},"f":{"0":11,"1":2},"b":{"0":[1,1]},"_coverageSchema":"43e27e138ebf9cfc5966b082cf9a028302ed4184","hash":"884ee0e7f058b586926922add2f235fd0f32c74d","contentHash":"188092b61295b079d7d9e23dd3a91ee5d1dc11a1bb044b1b9a3d479eb77555f9"},"C:\\Users\\ounci\\bootcamp\\collab\\skylab-bootcamp-201907\\staff\\oihane-unciti\\generisad\\generisad-api\\logic\\response-email\\index.spec.js":{"path":"C:\\Users\\ounci\\bootcamp\\collab\\skylab-bootcamp-201907\\staff\\oihane-unciti\\generisad\\generisad-api\\logic\\response-email\\index.spec.js","statementMap":{"0":{"start":{"line":1,"column":0},"end":{"line":1,"column":26}},"1":{"start":{"line":3,"column":19},"end":{"line":3,"column":34}},"2":{"start":{"line":4,"column":22},"end":{"line":4,"column":34}},"3":{"start":{"line":5,"column":70},"end":{"line":5,"column":95}},"4":{"start":{"line":7,"column":32},"end":{"line":7,"column":39}},"5":{"start":{"line":9,"column":0},"end":{"line":135,"column":2}},"6":{"start":{"line":10,"column":4},"end":{"line":10,"column":47}},"7":{"start":{"line":10,"column":17},"end":{"line":10,"column":46}},"8":{"start":{"line":15,"column":4},"end":{"line":60,"column":6}},"9":{"start":{"line":17,"column":8},"end":{"line":17,"column":31}},"10":{"start":{"line":18,"column":8},"end":{"line":18,"column":47}},"11":{"start":{"line":19,"column":8},"end":{"line":19,"column":38}},"12":{"start":{"line":21,"column":8},"end":{"line":21,"column":46}},"13":{"start":{"line":22,"column":8},"end":{"line":22,"column":37}},"14":{"start":{"line":24,"column":8},"end":{"line":24,"column":40}},"15":{"start":{"line":25,"column":8},"end":{"line":25,"column":42}},"16":{"start":{"line":26,"column":8},"end":{"line":26,"column":52}},"17":{"start":{"line":27,"column":8},"end":{"line":27,"column":40}},"18":{"start":{"line":28,"column":8},"end":{"line":28,"column":46}},"19":{"start":{"line":29,"column":8},"end":{"line":29,"column":25}},"20":{"start":{"line":31,"column":8},"end":{"line":31,"column":40}},"21":{"start":{"line":32,"column":8},"end":{"line":32,"column":38}},"22":{"start":{"line":33,"column":8},"end":{"line":33,"column":44}},"23":{"start":{"line":34,"column":8},"end":{"line":34,"column":50}},"24":{"start":{"line":35,"column":8},"end":{"line":35,"column":41}},"25":{"start":{"line":38,"column":8},"end":{"line":38,"column":52}},"26":{"start":{"line":39,"column":8},"end":{"line":39,"column":42}},"27":{"start":{"line":41,"column":8},"end":{"line":41,"column":35}},"28":{"start":{"line":42,"column":26},"end":{"line":42,"column":78}},"29":{"start":{"line":43,"column":8},"end":{"line":43,"column":31}},"30":{"start":{"line":45,"column":8},"end":{"line":45,"column":31}},"31":{"start":{"line":46,"column":21},"end":{"line":46,"column":111}},"32":{"start":{"line":47,"column":8},"end":{"line":47,"column":20}},"33":{"start":{"line":49,"column":25},"end":{"line":49,"column":115}},"34":{"start":{"line":50,"column":8},"end":{"line":50,"column":28}},"35":{"start":{"line":52,"column":8},"end":{"line":52,"column":40}},"36":{"start":{"line":53,"column":19},"end":{"line":53,"column":144}},"37":{"start":{"line":54,"column":8},"end":{"line":54,"column":20}},"38":{"start":{"line":56,"column":8},"end":{"line":56,"column":31}},"39":{"start":{"line":57,"column":21},"end":{"line":57,"column":152}},"40":{"start":{"line":58,"column":8},"end":{"line":58,"column":24}},"41":{"start":{"line":62,"column":4},"end":{"line":74,"column":6}},"42":{"start":{"line":63,"column":24},"end":{"line":63,"column":76}},"43":{"start":{"line":64,"column":12},"end":{"line":64,"column":36}},"44":{"start":{"line":66,"column":23},"end":{"line":66,"column":51}},"45":{"start":{"line":68,"column":12},"end":{"line":68,"column":35}},"46":{"start":{"line":69,"column":12},"end":{"line":69,"column":47}},"47":{"start":{"line":70,"column":12},"end":{"line":70,"column":48}},"48":{"start":{"line":71,"column":12},"end":{"line":71,"column":46}},"49":{"start":{"line":72,"column":12},"end":{"line":72,"column":71}},"50":{"start":{"line":76,"column":4},"end":{"line":85,"column":6}},"51":{"start":{"line":77,"column":26},"end":{"line":77,"column":52}},"52":{"start":{"line":78,"column":8},"end":{"line":84,"column":9}},"53":{"start":{"line":79,"column":12},"end":{"line":79,"column":73}},"54":{"start":{"line":80,"column":12},"end":{"line":80,"column":58}},"55":{"start":{"line":82,"column":12},"end":{"line":82,"column":34}},"56":{"start":{"line":83,"column":12},"end":{"line":83,"column":95}},"57":{"start":{"line":86,"column":4},"end":{"line":95,"column":10}},"58":{"start":{"line":87,"column":26},"end":{"line":87,"column":52}},"59":{"start":{"line":88,"column":8},"end":{"line":94,"column":13}},"60":{"start":{"line":89,"column":12},"end":{"line":89,"column":69}},"61":{"start":{"line":90,"column":12},"end":{"line":90,"column":58}},"62":{"start":{"line":92,"column":12},"end":{"line":92,"column":34}},"63":{"start":{"line":93,"column":12},"end":{"line":93,"column":95}},"64":{"start":{"line":98,"column":4},"end":{"line":102,"column":5}},"65":{"start":{"line":99,"column":8},"end":{"line":101,"column":45}},"66":{"start":{"line":100,"column":12},"end":{"line":100,"column":56}},"67":{"start":{"line":104,"column":4},"end":{"line":108,"column":5}},"68":{"start":{"line":105,"column":8},"end":{"line":107,"column":64}},"69":{"start":{"line":106,"column":12},"end":{"line":106,"column":62}},"70":{"start":{"line":110,"column":4},"end":{"line":114,"column":5}},"71":{"start":{"line":111,"column":8},"end":{"line":113,"column":58}},"72":{"start":{"line":112,"column":12},"end":{"line":112,"column":56}},"73":{"start":{"line":116,"column":4},"end":{"line":120,"column":5}},"74":{"start":{"line":117,"column":8},"end":{"line":119,"column":44}},"75":{"start":{"line":118,"column":12},"end":{"line":118,"column":57}},"76":{"start":{"line":122,"column":4},"end":{"line":126,"column":5}},"77":{"start":{"line":123,"column":8},"end":{"line":125,"column":63}},"78":{"start":{"line":124,"column":12},"end":{"line":124,"column":63}},"79":{"start":{"line":128,"column":4},"end":{"line":132,"column":5}},"80":{"start":{"line":129,"column":8},"end":{"line":131,"column":57}},"81":{"start":{"line":130,"column":12},"end":{"line":130,"column":57}},"82":{"start":{"line":134,"column":4},"end":{"line":134,"column":38}},"83":{"start":{"line":134,"column":16},"end":{"line":134,"column":37}}},"fnMap":{"0":{"name":"(anonymous_0)","decl":{"start":{"line":9,"column":41},"end":{"line":9,"column":42}},"loc":{"start":{"line":9,"column":47},"end":{"line":135,"column":1}},"line":9},"1":{"name":"(anonymous_1)","decl":{"start":{"line":10,"column":11},"end":{"line":10,"column":12}},"loc":{"start":{"line":10,"column":17},"end":{"line":10,"column":46}},"line":10},"2":{"name":"(anonymous_2)","decl":{"start":{"line":15,"column":15},"end":{"line":15,"column":16}},"loc":{"start":{"line":15,"column":27},"end":{"line":60,"column":5}},"line":15},"3":{"name":"(anonymous_3)","decl":{"start":{"line":62,"column":41},"end":{"line":62,"column":42}},"loc":{"start":{"line":62,"column":52},"end":{"line":74,"column":5}},"line":62},"4":{"name":"(anonymous_4)","decl":{"start":{"line":76,"column":43},"end":{"line":76,"column":44}},"loc":{"start":{"line":76,"column":54},"end":{"line":85,"column":5}},"line":76},"5":{"name":"(anonymous_5)","decl":{"start":{"line":86,"column":33},"end":{"line":86,"column":34}},"loc":{"start":{"line":86,"column":45},"end":{"line":95,"column":9}},"line":86},"6":{"name":"(anonymous_6)","decl":{"start":{"line":98,"column":37},"end":{"line":98,"column":38}},"loc":{"start":{"line":99,"column":8},"end":{"line":101,"column":45}},"line":99},"7":{"name":"(anonymous_7)","decl":{"start":{"line":99,"column":15},"end":{"line":99,"column":16}},"loc":{"start":{"line":100,"column":12},"end":{"line":100,"column":56}},"line":100},"8":{"name":"(anonymous_8)","decl":{"start":{"line":104,"column":41},"end":{"line":104,"column":42}},"loc":{"start":{"line":105,"column":8},"end":{"line":107,"column":64}},"line":105},"9":{"name":"(anonymous_9)","decl":{"start":{"line":105,"column":15},"end":{"line":105,"column":16}},"loc":{"start":{"line":106,"column":12},"end":{"line":106,"column":62}},"line":106},"10":{"name":"(anonymous_10)","decl":{"start":{"line":110,"column":41},"end":{"line":110,"column":42}},"loc":{"start":{"line":111,"column":8},"end":{"line":113,"column":58}},"line":111},"11":{"name":"(anonymous_11)","decl":{"start":{"line":111,"column":15},"end":{"line":111,"column":16}},"loc":{"start":{"line":112,"column":12},"end":{"line":112,"column":56}},"line":112},"12":{"name":"(anonymous_12)","decl":{"start":{"line":116,"column":36},"end":{"line":116,"column":37}},"loc":{"start":{"line":117,"column":8},"end":{"line":119,"column":44}},"line":117},"13":{"name":"(anonymous_13)","decl":{"start":{"line":117,"column":15},"end":{"line":117,"column":16}},"loc":{"start":{"line":118,"column":12},"end":{"line":118,"column":57}},"line":118},"14":{"name":"(anonymous_14)","decl":{"start":{"line":122,"column":40},"end":{"line":122,"column":41}},"loc":{"start":{"line":123,"column":8},"end":{"line":125,"column":63}},"line":123},"15":{"name":"(anonymous_15)","decl":{"start":{"line":123,"column":15},"end":{"line":123,"column":16}},"loc":{"start":{"line":124,"column":12},"end":{"line":124,"column":63}},"line":124},"16":{"name":"(anonymous_16)","decl":{"start":{"line":128,"column":41},"end":{"line":128,"column":42}},"loc":{"start":{"line":129,"column":8},"end":{"line":131,"column":57}},"line":129},"17":{"name":"(anonymous_17)","decl":{"start":{"line":129,"column":15},"end":{"line":129,"column":16}},"loc":{"start":{"line":130,"column":12},"end":{"line":130,"column":57}},"line":130},"18":{"name":"(anonymous_18)","decl":{"start":{"line":134,"column":10},"end":{"line":134,"column":11}},"loc":{"start":{"line":134,"column":16},"end":{"line":134,"column":37}},"line":134}},"branchMap":{},"s":{"0":1,"1":1,"2":1,"3":1,"4":1,"5":1,"6":1,"7":1,"8":1,"9":9,"10":9,"11":9,"12":9,"13":9,"14":9,"15":9,"16":9,"17":9,"18":9,"19":9,"20":9,"21":9,"22":9,"23":9,"24":9,"25":9,"26":9,"27":9,"28":9,"29":9,"30":9,"31":9,"32":9,"33":9,"34":9,"35":9,"36":9,"37":9,"38":9,"39":9,"40":9,"41":1,"42":1,"43":1,"44":1,"45":1,"46":1,"47":1,"48":1,"49":1,"50":1,"51":1,"52":1,"53":1,"54":0,"55":1,"56":1,"57":1,"58":1,"59":1,"60":1,"61":0,"62":1,"63":1,"64":1,"65":1,"66":1,"67":1,"68":1,"69":1,"70":1,"71":1,"72":1,"73":1,"74":1,"75":1,"76":1,"77":1,"78":1,"79":1,"80":1,"81":1,"82":1,"83":1},"f":{"0":1,"1":1,"2":9,"3":1,"4":1,"5":1,"6":1,"7":1,"8":1,"9":1,"10":1,"11":1,"12":1,"13":1,"14":1,"15":1,"16":1,"17":1,"18":1},"b":{},"_coverageSchema":"43e27e138ebf9cfc5966b082cf9a028302ed4184","hash":"4a384f9cd9f2b49442adc178fdaa99838e7def02","contentHash":"e946bb2fbb12895864785f77f99a0e46a7c435978589ee7037fb7f0b078b7279"},"C:\\Users\\ounci\\bootcamp\\collab\\skylab-bootcamp-201907\\staff\\oihane-unciti\\generisad\\generisad-api\\logic\\response-email\\index.js":{"path":"C:\\Users\\ounci\\bootcamp\\collab\\skylab-bootcamp-201907\\staff\\oihane-unciti\\generisad\\generisad-api\\logic\\response-email\\index.js","statementMap":{"0":{"start":{"line":1,"column":45},"end":{"line":1,"column":70}},"1":{"start":{"line":2,"column":21},"end":{"line":2,"column":47}},"2":{"start":{"line":14,"column":1},"end":{"line":46,"column":1}},"3":{"start":{"line":16,"column":4},"end":{"line":16,"column":37}},"4":{"start":{"line":17,"column":4},"end":{"line":17,"column":36}},"5":{"start":{"line":18,"column":4},"end":{"line":18,"column":35}},"6":{"start":{"line":19,"column":4},"end":{"line":19,"column":33}},"7":{"start":{"line":20,"column":4},"end":{"line":20,"column":37}},"8":{"start":{"line":22,"column":17},"end":{"line":22,"column":27}},"9":{"start":{"line":25,"column":4},"end":{"line":45,"column":8}},"10":{"start":{"line":27,"column":25},"end":{"line":27,"column":59}},"11":{"start":{"line":28,"column":8},"end":{"line":28,"column":63}},"12":{"start":{"line":28,"column":22},"end":{"line":28,"column":63}},"13":{"start":{"line":29,"column":26},"end":{"line":29,"column":38}},"14":{"start":{"line":31,"column":21},"end":{"line":31,"column":48}},"15":{"start":{"line":32,"column":12},"end":{"line":32,"column":71}},"16":{"start":{"line":32,"column":22},"end":{"line":32,"column":71}},"17":{"start":{"line":34,"column":21},"end":{"line":34,"column":48}},"18":{"start":{"line":35,"column":12},"end":{"line":39,"column":13}},"19":{"start":{"line":35,"column":22},"end":{"line":35,"column":71}},"20":{"start":{"line":37,"column":16},"end":{"line":37,"column":39}},"21":{"start":{"line":38,"column":16},"end":{"line":38,"column":50}},"22":{"start":{"line":42,"column":28},"end":{"line":42,"column":151}},"23":{"start":{"line":44,"column":7},"end":{"line":44,"column":29}}},"fnMap":{"0":{"name":"(anonymous_0)","decl":{"start":{"line":14,"column":18},"end":{"line":14,"column":19}},"loc":{"start":{"line":14,"column":65},"end":{"line":46,"column":1}},"line":14},"1":{"name":"(anonymous_1)","decl":{"start":{"line":25,"column":12},"end":{"line":25,"column":13}},"loc":{"start":{"line":25,"column":24},"end":{"line":45,"column":5}},"line":25}},"branchMap":{"0":{"loc":{"start":{"line":28,"column":8},"end":{"line":28,"column":63}},"type":"if","locations":[{"start":{"line":28,"column":8},"end":{"line":28,"column":63}},{"start":{"line":28,"column":8},"end":{"line":28,"column":63}}],"line":28},"1":{"loc":{"start":{"line":32,"column":12},"end":{"line":32,"column":71}},"type":"if","locations":[{"start":{"line":32,"column":12},"end":{"line":32,"column":71}},{"start":{"line":32,"column":12},"end":{"line":32,"column":71}}],"line":32},"2":{"loc":{"start":{"line":35,"column":12},"end":{"line":39,"column":13}},"type":"if","locations":[{"start":{"line":35,"column":12},"end":{"line":39,"column":13}},{"start":{"line":35,"column":12},"end":{"line":39,"column":13}}],"line":35}},"s":{"0":1,"1":1,"2":1,"3":9,"4":9,"5":9,"6":6,"7":3,"8":3,"9":3,"10":3,"11":3,"12":0,"13":3,"14":3,"15":3,"16":1,"17":2,"18":2,"19":1,"20":1,"21":1,"22":1,"23":1},"f":{"0":9,"1":3},"b":{"0":[0,3],"1":[1,2],"2":[1,1]},"_coverageSchema":"43e27e138ebf9cfc5966b082cf9a028302ed4184","hash":"c807c98b444770c54d7431c6f41b6e04a89dc528","contentHash":"9083b26a75e0ded0c34fe37e9363a0b6f3b66ec41fd842da9d15cbd04deee7cd"},"C:\\Users\\ounci\\bootcamp\\collab\\skylab-bootcamp-201907\\staff\\oihane-unciti\\generisad\\generisad-api\\logic\\retrieve-ad\\index.spec.js":{"path":"C:\\Users\\ounci\\bootcamp\\collab\\skylab-bootcamp-201907\\staff\\oihane-unciti\\generisad\\generisad-api\\logic\\retrieve-ad\\index.spec.js","statementMap":{"0":{"start":{"line":2,"column":0},"end":{"line":2,"column":26}},"1":{"start":{"line":4,"column":19},"end":{"line":4,"column":34}},"2":{"start":{"line":5,"column":19},"end":{"line":5,"column":31}},"3":{"start":{"line":6,"column":63},"end":{"line":6,"column":88}},"4":{"start":{"line":7,"column":47},"end":{"line":7,"column":73}},"5":{"start":{"line":8,"column":19},"end":{"line":8,"column":23}},"6":{"start":{"line":10,"column":32},"end":{"line":10,"column":39}},"7":{"start":{"line":12,"column":0},"end":{"line":97,"column":2}},"8":{"start":{"line":13,"column":4},"end":{"line":13,"column":47}},"9":{"start":{"line":13,"column":17},"end":{"line":13,"column":46}},"10":{"start":{"line":21,"column":4},"end":{"line":59,"column":6}},"11":{"start":{"line":22,"column":8},"end":{"line":22,"column":38}},"12":{"start":{"line":23,"column":8},"end":{"line":23,"column":44}},"13":{"start":{"line":24,"column":8},"end":{"line":24,"column":51}},"14":{"start":{"line":25,"column":8},"end":{"line":25,"column":46}},"15":{"start":{"line":27,"column":8},"end":{"line":27,"column":39}},"16":{"start":{"line":28,"column":8},"end":{"line":28,"column":36}},"17":{"start":{"line":29,"column":8},"end":{"line":29,"column":53}},"18":{"start":{"line":30,"column":8},"end":{"line":30,"column":41}},"19":{"start":{"line":31,"column":8},"end":{"line":31,"column":47}},"20":{"start":{"line":32,"column":8},"end":{"line":32,"column":26}},"21":{"start":{"line":34,"column":8},"end":{"line":34,"column":39}},"22":{"start":{"line":35,"column":8},"end":{"line":35,"column":36}},"23":{"start":{"line":36,"column":8},"end":{"line":36,"column":53}},"24":{"start":{"line":37,"column":8},"end":{"line":37,"column":41}},"25":{"start":{"line":38,"column":8},"end":{"line":38,"column":47}},"26":{"start":{"line":39,"column":8},"end":{"line":39,"column":26}},"27":{"start":{"line":41,"column":8},"end":{"line":41,"column":52}},"28":{"start":{"line":42,"column":8},"end":{"line":42,"column":42}},"29":{"start":{"line":44,"column":8},"end":{"line":44,"column":35}},"30":{"start":{"line":45,"column":26},"end":{"line":45,"column":78}},"31":{"start":{"line":46,"column":8},"end":{"line":46,"column":31}},"32":{"start":{"line":49,"column":8},"end":{"line":49,"column":31}},"33":{"start":{"line":50,"column":21},"end":{"line":50,"column":102}},"34":{"start":{"line":51,"column":8},"end":{"line":51,"column":20}},"35":{"start":{"line":53,"column":8},"end":{"line":53,"column":40}},"36":{"start":{"line":54,"column":20},"end":{"line":54,"column":194}},"37":{"start":{"line":55,"column":8},"end":{"line":55,"column":22}},"38":{"start":{"line":57,"column":20},"end":{"line":57,"column":193}},"39":{"start":{"line":58,"column":8},"end":{"line":58,"column":22}},"40":{"start":{"line":62,"column":4},"end":{"line":73,"column":6}},"41":{"start":{"line":63,"column":19},"end":{"line":63,"column":42}},"42":{"start":{"line":64,"column":16},"end":{"line":64,"column":35}},"43":{"start":{"line":65,"column":16},"end":{"line":65,"column":49}},"44":{"start":{"line":66,"column":16},"end":{"line":66,"column":49}},"45":{"start":{"line":67,"column":16},"end":{"line":67,"column":61}},"46":{"start":{"line":68,"column":16},"end":{"line":68,"column":49}},"47":{"start":{"line":69,"column":16},"end":{"line":69,"column":55}},"48":{"start":{"line":70,"column":16},"end":{"line":70,"column":71}},"49":{"start":{"line":75,"column":4},"end":{"line":83,"column":6}},"50":{"start":{"line":76,"column":8},"end":{"line":82,"column":13}},"51":{"start":{"line":77,"column":20},"end":{"line":77,"column":64}},"52":{"start":{"line":78,"column":12},"end":{"line":78,"column":36}},"53":{"start":{"line":80,"column":16},"end":{"line":80,"column":38}},"54":{"start":{"line":81,"column":16},"end":{"line":81,"column":112}},"55":{"start":{"line":85,"column":4},"end":{"line":87,"column":5}},"56":{"start":{"line":86,"column":4},"end":{"line":86,"column":69}},"57":{"start":{"line":86,"column":17},"end":{"line":86,"column":32}},"58":{"start":{"line":88,"column":4},"end":{"line":90,"column":5}},"59":{"start":{"line":89,"column":4},"end":{"line":89,"column":82}},"60":{"start":{"line":89,"column":17},"end":{"line":89,"column":32}},"61":{"start":{"line":91,"column":4},"end":{"line":93,"column":1}},"62":{"start":{"line":92,"column":4},"end":{"line":92,"column":94}},"63":{"start":{"line":92,"column":17},"end":{"line":92,"column":38}},"64":{"start":{"line":96,"column":4},"end":{"line":96,"column":38}},"65":{"start":{"line":96,"column":16},"end":{"line":96,"column":37}}},"fnMap":{"0":{"name":"(anonymous_0)","decl":{"start":{"line":12,"column":39},"end":{"line":12,"column":40}},"loc":{"start":{"line":12,"column":45},"end":{"line":97,"column":1}},"line":12},"1":{"name":"(anonymous_1)","decl":{"start":{"line":13,"column":11},"end":{"line":13,"column":12}},"loc":{"start":{"line":13,"column":17},"end":{"line":13,"column":46}},"line":13},"2":{"name":"(anonymous_2)","decl":{"start":{"line":21,"column":15},"end":{"line":21,"column":16}},"loc":{"start":{"line":21,"column":27},"end":{"line":59,"column":5}},"line":21},"3":{"name":"(anonymous_3)","decl":{"start":{"line":62,"column":41},"end":{"line":62,"column":42}},"loc":{"start":{"line":62,"column":52},"end":{"line":73,"column":5}},"line":62},"4":{"name":"(anonymous_4)","decl":{"start":{"line":75,"column":41},"end":{"line":75,"column":42}},"loc":{"start":{"line":75,"column":52},"end":{"line":83,"column":5}},"line":75},"5":{"name":"(anonymous_5)","decl":{"start":{"line":85,"column":41},"end":{"line":85,"column":42}},"loc":{"start":{"line":86,"column":4},"end":{"line":86,"column":69}},"line":86},"6":{"name":"(anonymous_6)","decl":{"start":{"line":86,"column":11},"end":{"line":86,"column":12}},"loc":{"start":{"line":86,"column":17},"end":{"line":86,"column":32}},"line":86},"7":{"name":"(anonymous_7)","decl":{"start":{"line":88,"column":42},"end":{"line":88,"column":43}},"loc":{"start":{"line":89,"column":4},"end":{"line":89,"column":82}},"line":89},"8":{"name":"(anonymous_8)","decl":{"start":{"line":89,"column":11},"end":{"line":89,"column":12}},"loc":{"start":{"line":89,"column":17},"end":{"line":89,"column":32}},"line":89},"9":{"name":"(anonymous_9)","decl":{"start":{"line":91,"column":42},"end":{"line":91,"column":43}},"loc":{"start":{"line":92,"column":4},"end":{"line":92,"column":94}},"line":92},"10":{"name":"(anonymous_10)","decl":{"start":{"line":92,"column":11},"end":{"line":92,"column":12}},"loc":{"start":{"line":92,"column":17},"end":{"line":92,"column":38}},"line":92},"11":{"name":"(anonymous_11)","decl":{"start":{"line":96,"column":10},"end":{"line":96,"column":11}},"loc":{"start":{"line":96,"column":16},"end":{"line":96,"column":37}},"line":96}},"branchMap":{},"s":{"0":1,"1":1,"2":1,"3":1,"4":1,"5":1,"6":1,"7":1,"8":1,"9":1,"10":1,"11":5,"12":5,"13":5,"14":5,"15":5,"16":5,"17":5,"18":5,"19":5,"20":5,"21":5,"22":5,"23":5,"24":5,"25":5,"26":5,"27":5,"28":5,"29":5,"30":5,"31":5,"32":5,"33":5,"34":5,"35":5,"36":5,"37":5,"38":5,"39":5,"40":1,"41":1,"42":1,"43":1,"44":1,"45":1,"46":1,"47":1,"48":1,"49":1,"50":1,"51":1,"52":0,"53":1,"54":1,"55":1,"56":1,"57":1,"58":1,"59":1,"60":1,"61":1,"62":1,"63":1,"64":1,"65":1},"f":{"0":1,"1":1,"2":5,"3":1,"4":1,"5":1,"6":1,"7":1,"8":1,"9":1,"10":1,"11":1},"b":{},"_coverageSchema":"43e27e138ebf9cfc5966b082cf9a028302ed4184","hash":"d65cbc2af735401036eb3c8f5d1b131e3090f09a","contentHash":"2435eb5e13f1d18b13048a976bd16fb1b5ae340252c070c7d47e5b7e1fbbd1d1"},"C:\\Users\\ounci\\bootcamp\\collab\\skylab-bootcamp-201907\\staff\\oihane-unciti\\generisad\\generisad-api\\logic\\retrieve-ad\\index.js":{"path":"C:\\Users\\ounci\\bootcamp\\collab\\skylab-bootcamp-201907\\staff\\oihane-unciti\\generisad\\generisad-api\\logic\\retrieve-ad\\index.js","statementMap":{"0":{"start":{"line":1,"column":38},"end":{"line":1,"column":63}},"1":{"start":{"line":2,"column":21},"end":{"line":2,"column":47}},"2":{"start":{"line":12,"column":0},"end":{"line":26,"column":1}},"3":{"start":{"line":14,"column":4},"end":{"line":14,"column":34}},"4":{"start":{"line":18,"column":4},"end":{"line":25,"column":8}},"5":{"start":{"line":19,"column":19},"end":{"line":19,"column":53}},"6":{"start":{"line":20,"column":12},"end":{"line":24,"column":13}},"7":{"start":{"line":20,"column":21},"end":{"line":20,"column":81}},"8":{"start":{"line":22,"column":16},"end":{"line":22,"column":28}},"9":{"start":{"line":23,"column":16},"end":{"line":23,"column":25}}},"fnMap":{"0":{"name":"(anonymous_0)","decl":{"start":{"line":12,"column":17},"end":{"line":12,"column":18}},"loc":{"start":{"line":12,"column":32},"end":{"line":26,"column":1}},"line":12},"1":{"name":"(anonymous_1)","decl":{"start":{"line":18,"column":12},"end":{"line":18,"column":13}},"loc":{"start":{"line":18,"column":24},"end":{"line":25,"column":5}},"line":18}},"branchMap":{"0":{"loc":{"start":{"line":20,"column":12},"end":{"line":24,"column":13}},"type":"if","locations":[{"start":{"line":20,"column":12},"end":{"line":24,"column":13}},{"start":{"line":20,"column":12},"end":{"line":24,"column":13}}],"line":20}},"s":{"0":1,"1":1,"2":1,"3":5,"4":2,"5":2,"6":2,"7":1,"8":1,"9":1},"f":{"0":5,"1":2},"b":{"0":[1,1]},"_coverageSchema":"43e27e138ebf9cfc5966b082cf9a028302ed4184","hash":"f3b1e1f75a17b3092c5865c9db2b1af813bfdb84","contentHash":"02382b60734cc6bfab61aefbceeefcba4c0c75049204718cfd0b79788cd867a6"},"C:\\Users\\ounci\\bootcamp\\collab\\skylab-bootcamp-201907\\staff\\oihane-unciti\\generisad\\generisad-api\\logic\\retrieve-all-ad\\index.spec.js":{"path":"C:\\Users\\ounci\\bootcamp\\collab\\skylab-bootcamp-201907\\staff\\oihane-unciti\\generisad\\generisad-api\\logic\\retrieve-all-ad\\index.spec.js","statementMap":{"0":{"start":{"line":2,"column":0},"end":{"line":2,"column":26}},"1":{"start":{"line":4,"column":19},"end":{"line":4,"column":34}},"2":{"start":{"line":5,"column":22},"end":{"line":5,"column":34}},"3":{"start":{"line":6,"column":62},"end":{"line":6,"column":87}},"4":{"start":{"line":8,"column":19},"end":{"line":8,"column":23}},"5":{"start":{"line":10,"column":32},"end":{"line":10,"column":39}},"6":{"start":{"line":12,"column":0},"end":{"line":104,"column":2}},"7":{"start":{"line":13,"column":4},"end":{"line":13,"column":47}},"8":{"start":{"line":13,"column":17},"end":{"line":13,"column":46}},"9":{"start":{"line":16,"column":4},"end":{"line":54,"column":6}},"10":{"start":{"line":18,"column":8},"end":{"line":18,"column":38}},"11":{"start":{"line":19,"column":8},"end":{"line":19,"column":44}},"12":{"start":{"line":20,"column":8},"end":{"line":20,"column":51}},"13":{"start":{"line":21,"column":8},"end":{"line":21,"column":46}},"14":{"start":{"line":23,"column":8},"end":{"line":23,"column":39}},"15":{"start":{"line":24,"column":8},"end":{"line":24,"column":36}},"16":{"start":{"line":25,"column":8},"end":{"line":25,"column":53}},"17":{"start":{"line":26,"column":8},"end":{"line":26,"column":41}},"18":{"start":{"line":27,"column":8},"end":{"line":27,"column":47}},"19":{"start":{"line":28,"column":8},"end":{"line":28,"column":26}},"20":{"start":{"line":30,"column":8},"end":{"line":30,"column":39}},"21":{"start":{"line":31,"column":8},"end":{"line":31,"column":36}},"22":{"start":{"line":32,"column":8},"end":{"line":32,"column":53}},"23":{"start":{"line":33,"column":8},"end":{"line":33,"column":41}},"24":{"start":{"line":34,"column":8},"end":{"line":34,"column":47}},"25":{"start":{"line":35,"column":8},"end":{"line":35,"column":26}},"26":{"start":{"line":37,"column":8},"end":{"line":37,"column":52}},"27":{"start":{"line":38,"column":8},"end":{"line":38,"column":42}},"28":{"start":{"line":40,"column":8},"end":{"line":40,"column":35}},"29":{"start":{"line":41,"column":26},"end":{"line":41,"column":78}},"30":{"start":{"line":42,"column":8},"end":{"line":42,"column":31}},"31":{"start":{"line":44,"column":8},"end":{"line":44,"column":31}},"32":{"start":{"line":45,"column":21},"end":{"line":45,"column":100}},"33":{"start":{"line":46,"column":8},"end":{"line":46,"column":20}},"34":{"start":{"line":48,"column":8},"end":{"line":48,"column":40}},"35":{"start":{"line":49,"column":20},"end":{"line":49,"column":192}},"36":{"start":{"line":50,"column":8},"end":{"line":50,"column":22}},"37":{"start":{"line":52,"column":20},"end":{"line":52,"column":191}},"38":{"start":{"line":53,"column":8},"end":{"line":53,"column":22}},"39":{"start":{"line":56,"column":4},"end":{"line":75,"column":6}},"40":{"start":{"line":57,"column":19},"end":{"line":57,"column":46}},"41":{"start":{"line":58,"column":16},"end":{"line":58,"column":35}},"42":{"start":{"line":59,"column":16},"end":{"line":59,"column":45}},"43":{"start":{"line":60,"column":16},"end":{"line":60,"column":38}},"44":{"start":{"line":61,"column":16},"end":{"line":61,"column":52}},"45":{"start":{"line":62,"column":16},"end":{"line":62,"column":52}},"46":{"start":{"line":63,"column":16},"end":{"line":63,"column":64}},"47":{"start":{"line":64,"column":16},"end":{"line":64,"column":52}},"48":{"start":{"line":65,"column":16},"end":{"line":65,"column":58}},"49":{"start":{"line":66,"column":16},"end":{"line":66,"column":74}},"50":{"start":{"line":68,"column":16},"end":{"line":68,"column":38}},"51":{"start":{"line":69,"column":16},"end":{"line":69,"column":52}},"52":{"start":{"line":70,"column":16},"end":{"line":70,"column":52}},"53":{"start":{"line":71,"column":16},"end":{"line":71,"column":64}},"54":{"start":{"line":72,"column":16},"end":{"line":72,"column":52}},"55":{"start":{"line":73,"column":16},"end":{"line":73,"column":58}},"56":{"start":{"line":74,"column":16},"end":{"line":74,"column":74}},"57":{"start":{"line":77,"column":4},"end":{"line":87,"column":6}},"58":{"start":{"line":79,"column":25},"end":{"line":79,"column":51}},"59":{"start":{"line":80,"column":8},"end":{"line":86,"column":13}},"60":{"start":{"line":81,"column":20},"end":{"line":81,"column":52}},"61":{"start":{"line":82,"column":12},"end":{"line":82,"column":36}},"62":{"start":{"line":84,"column":16},"end":{"line":84,"column":38}},"63":{"start":{"line":85,"column":16},"end":{"line":85,"column":81}},"64":{"start":{"line":89,"column":4},"end":{"line":91,"column":5}},"65":{"start":{"line":90,"column":4},"end":{"line":90,"column":73}},"66":{"start":{"line":90,"column":17},"end":{"line":90,"colum
[...]
ylab-bootcamp-201907\\staff\\oihane-unciti\\generisad\\generisad-api\\logic\\unread_message\\index.js":{"path":"C:\\Users\\ounci\\bootcamp\\collab\\skylab-bootcamp-201907\\staff\\oihane-unciti\\generisad\\generisad-api\\logic\\unread_message\\index.js","statementMap":{"0":{"start":{"line":1,"column":44},"end":{"line":1,"column":69}},"1":{"start":{"line":2,"column":21},"end":{"line":2,"column":47}},"2":{"start":{"line":12,"column":0},"end":{"line":32,"column":1}},"3":{"start":{"line":14,"column":4},"end":{"line":14,"column":37}},"4":{"start":{"line":15,"column":4},"end":{"line":15,"column":37}},"5":{"start":{"line":17,"column":4},"end":{"line":31,"column":8}},"6":{"start":{"line":19,"column":25},"end":{"line":19,"column":59}},"7":{"start":{"line":20,"column":8},"end":{"line":20,"column":63}},"8":{"start":{"line":20,"column":22},"end":{"line":20,"column":63}},"9":{"start":{"line":21,"column":26},"end":{"line":21,"column":38}},"10":{"start":{"line":23,"column":21},"end":{"line":23,"column":48}},"11":{"start":{"line":24,"column":8},"end":{"line":24,"column":66}},"12":{"start":{"line":24,"column":19},"end":{"line":24,"column":66}},"13":{"start":{"line":26,"column":21},"end":{"line":26,"column":107}},"14":{"start":{"line":27,"column":12},"end":{"line":30,"column":13}},"15":{"start":{"line":27,"column":23},"end":{"line":27,"column":59}},"16":{"start":{"line":29,"column":15},"end":{"line":29,"column":26}}},"fnMap":{"0":{"name":"(anonymous_0)","decl":{"start":{"line":12,"column":17},"end":{"line":12,"column":18}},"loc":{"start":{"line":12,"column":42},"end":{"line":32,"column":1}},"line":12},"1":{"name":"(anonymous_1)","decl":{"start":{"line":17,"column":12},"end":{"line":17,"column":13}},"loc":{"start":{"line":17,"column":24},"end":{"line":31,"column":5}},"line":17}},"branchMap":{"0":{"loc":{"start":{"line":20,"column":8},"end":{"line":20,"column":63}},"type":"if","locations":[{"start":{"line":20,"column":8},"end":{"line":20,"column":63}},{"start":{"line":20,"column":8},"end":{"line":20,"column":63}}],"line":20},"1":{"loc":{"start":{"line":24,"column":8},"end":{"line":24,"column":66}},"type":"if","locations":[{"start":{"line":24,"column":8},"end":{"line":24,"column":66}},{"start":{"line":24,"column":8},"end":{"line":24,"column":66}}],"line":24},"2":{"loc":{"start":{"line":27,"column":12},"end":{"line":30,"column":13}},"type":"if","locations":[{"start":{"line":27,"column":12},"end":{"line":30,"column":13}},{"start":{"line":27,"column":12},"end":{"line":30,"column":13}}],"line":27}},"s":{"0":1,"1":1,"2":1,"3":6,"4":3,"5":3,"6":3,"7":3,"8":1,"9":2,"10":2,"11":2,"12":1,"13":1,"14":1,"15":0,"16":1},"f":{"0":6,"1":3},"b":{"0":[1,2],"1":[1,1],"2":[0,1]},"_coverageSchema":"43e27e138ebf9cfc5966b082cf9a028302ed4184","hash":"1b409fbb82697cbca650b61dea4f3ae708d6b33f","contentHash":"9b903b7b24c0fdb61a274dfbb31bbb03d252211f31df2967b31d7a7b5741c479"},"C:\\Users\\ounci\\bootcamp\\collab\\skylab-bootcamp-201907\\staff\\oihane-unciti\\generisad\\generisad-api\\logic\\upload-image\\index.spec.js":{"path":"C:\\Users\\ounci\\bootcamp\\collab\\skylab-bootcamp-201907\\staff\\oihane-unciti\\generisad\\generisad-api\\logic\\upload-image\\index.spec.js","statementMap":{"0":{"start":{"line":2,"column":0},"end":{"line":2,"column":26}},"1":{"start":{"line":4,"column":19},"end":{"line":4,"column":34}},"2":{"start":{"line":5,"column":20},"end":{"line":5,"column":32}},"3":{"start":{"line":6,"column":64},"end":{"line":6,"column":89}},"4":{"start":{"line":7,"column":19},"end":{"line":7,"column":23}},"5":{"start":{"line":8,"column":11},"end":{"line":8,"column":24}},"6":{"start":{"line":10,"column":33},"end":{"line":10,"column":40}},"7":{"start":{"line":12,"column":0},"end":{"line":124,"column":2}},"8":{"start":{"line":13,"column":4},"end":{"line":13,"column":47}},"9":{"start":{"line":13,"column":17},"end":{"line":13,"column":46}},"10":{"start":{"line":18,"column":4},"end":{"line":47,"column":6}},"11":{"start":{"line":19,"column":8},"end":{"line":19,"column":33}},"12":{"start":{"line":20,"column":8},"end":{"line":20,"column":39}},"13":{"start":{"line":21,"column":8},"end":{"line":21,"column":46}},"14":{"start":{"line":22,"column":8},"end":{"line":22,"column":41}},"15":{"start":{"line":23,"column":8},"end":{"line":23,"column":22}},"16":{"start":{"line":25,"column":8},"end":{"line":25,"column":35}},"17":{"start":{"line":26,"column":8},"end":{"line":26,"column":52}},"18":{"start":{"line":27,"column":8},"end":{"line":27,"column":40}},"19":{"start":{"line":28,"column":8},"end":{"line":28,"column":46}},"20":{"start":{"line":29,"column":8},"end":{"line":29,"column":25}},"21":{"start":{"line":31,"column":8},"end":{"line":31,"column":52}},"22":{"start":{"line":32,"column":8},"end":{"line":32,"column":42}},"23":{"start":{"line":34,"column":8},"end":{"line":34,"column":35}},"24":{"start":{"line":35,"column":26},"end":{"line":35,"column":78}},"25":{"start":{"line":36,"column":8},"end":{"line":36,"column":31}},"26":{"start":{"line":38,"column":8},"end":{"line":38,"column":31}},"27":{"start":{"line":39,"column":21},"end":{"line":39,"column":113}},"28":{"start":{"line":40,"column":8},"end":{"line":40,"column":20}},"29":{"start":{"line":42,"column":8},"end":{"line":42,"column":40}},"30":{"start":{"line":43,"column":19},"end":{"line":43,"column":131}},"31":{"start":{"line":44,"column":8},"end":{"line":44,"column":20}},"32":{"start":{"line":46,"column":8},"end":{"line":46,"column":56}},"33":{"start":{"line":49,"column":4},"end":{"line":60,"column":6}},"34":{"start":{"line":50,"column":23},"end":{"line":50,"column":57}},"35":{"start":{"line":52,"column":8},"end":{"line":52,"column":35}},"36":{"start":{"line":54,"column":19},"end":{"line":54,"column":53}},"37":{"start":{"line":56,"column":8},"end":{"line":56,"column":27}},"38":{"start":{"line":57,"column":8},"end":{"line":57,"column":33}},"39":{"start":{"line":58,"column":8},"end":{"line":58,"column":48}},"40":{"start":{"line":59,"column":8},"end":{"line":59,"column":48}},"41":{"start":{"line":61,"column":4},"end":{"line":69,"column":6}},"42":{"start":{"line":62,"column":8},"end":{"line":68,"column":9}},"43":{"start":{"line":63,"column":12},"end":{"line":63,"column":70}},"44":{"start":{"line":65,"column":12},"end":{"line":65,"column":34}},"45":{"start":{"line":66,"column":12},"end":{"line":66,"column":97}},"46":{"start":{"line":71,"column":4},"end":{"line":79,"column":6}},"47":{"start":{"line":72,"column":8},"end":{"line":78,"column":9}},"48":{"start":{"line":73,"column":12},"end":{"line":73,"column":69}},"49":{"start":{"line":75,"column":12},"end":{"line":75,"column":34}},"50":{"start":{"line":76,"column":12},"end":{"line":76,"column":93}},"51":{"start":{"line":81,"column":4},"end":{"line":83,"column":5}},"52":{"start":{"line":82,"column":4},"end":{"line":82,"column":97}},"53":{"start":{"line":82,"column":17},"end":{"line":82,"column":46}},"54":{"start":{"line":85,"column":4},"end":{"line":87,"column":5}},"55":{"start":{"line":86,"column":4},"end":{"line":86,"column":109}},"56":{"start":{"line":86,"column":17},"end":{"line":86,"column":52}},"57":{"start":{"line":88,"column":4},"end":{"line":90,"column":5}},"58":{"start":{"line":89,"column":4},"end":{"line":89,"column":84}},"59":{"start":{"line":89,"column":17},"end":{"line":89,"column":46}},"60":{"start":{"line":92,"column":4},"end":{"line":94,"column":5}},"61":{"start":{"line":93,"column":4},"end":{"line":93,"column":93}},"62":{"start":{"line":93,"column":17},"end":{"line":93,"column":44}},"63":{"start":{"line":95,"column":4},"end":{"line":97,"column":5}},"64":{"start":{"line":96,"column":4},"end":{"line":96,"column":105}},"65":{"start":{"line":96,"column":17},"end":{"line":96,"column":50}},"66":{"start":{"line":98,"column":4},"end":{"line":100,"column":5}},"67":{"start":{"line":99,"column":4},"end":{"line":99,"column":80}},"68":{"start":{"line":99,"column":17},"end":{"line":99,"column":44}},"69":{"start":{"line":101,"column":4},"end":{"line":103,"column":5}},"70":{"start":{"line":102,"column":4},"end":{"line":102,"column":93}},"71":{"start":{"line":102,"column":17},"end":{"line":102,"column":44}},"72":{"start":{"line":104,"column":4},"end":{"line":106,"column":5}},"73":{"start":{"line":105,"column":4},"end":{"line":105,"column":105}},"74":{"start":{"line":105,"column":17},"end":{"line":105,"column":50}},"75":{"start":{"line":107,"column":4},"end":{"line":109,"column":5}},"76":{"start":{"line":108,"column":4},"end":{"line":108,"column":80}},"77":{"start":{"line":108,"column":17},"end":{"line":108,"column":44}},"78":{"start":{"line":110,"column":4},"end":{"line":112,"column":5}},"79":{"start":{"line":111,"column":4},"end":{"line":111,"column":95}},"80":{"start":{"line":111,"column":17},"end":{"line":111,"column":43}},"81":{"start":{"line":113,"column":4},"end":{"line":115,"column":5}},"82":{"start":{"line":114,"column":4},"end":{"line":114,"column":107}},"83":{"start":{"line":114,"column":17},"end":{"line":114,"column":49}},"84":{"start":{"line":116,"column":4},"end":{"line":118,"column":5}},"85":{"start":{"line":117,"column":4},"end":{"line":117,"column":91}},"86":{"start":{"line":117,"column":17},"end":{"line":117,"column":42}},"87":{"start":{"line":123,"column":4},"end":{"line":123,"column":38}},"88":{"start":{"line":123,"column":16},"end":{"line":123,"column":37}}},"fnMap":{"0":{"name":"(anonymous_0)","decl":{"start":{"line":12,"column":33},"end":{"line":12,"column":34}},"loc":{"start":{"line":12,"column":39},"end":{"line":124,"column":1}},"line":12},"1":{"name":"(anonymous_1)","decl":{"start":{"line":13,"column":11},"end":{"line":13,"column":12}},"loc":{"start":{"line":13,"column":17},"end":{"line":13,"column":46}},"line":13},"2":{"name":"(anonymous_2)","decl":{"start":{"line":18,"column":15},"end":{"line":18,"column":16}},"loc":{"start":{"line":18,"column":27},"end":{"line":47,"column":5}},"line":18},"3":{"name":"(anonymous_3)","decl":{"start":{"line":49,"column":42},"end":{"line":49,"column":43}},"loc":{"start":{"line":49,"column":54},"end":{"line":60,"column":5}},"line":49},"4":{"name":"(anonymous_4)","decl":{"start":{"line":61,"column":52},"end":{"line":61,"column":53}},"loc":{"start":{"line":61,"column":64},"end":{"line":69,"column":5}},"line":61},"5":{"name":"(anonymous_5)","decl":{"start":{"line":71,"column":48},"end":{"line":71,"column":49}},"loc":{"start":{"line":71,"column":60},"end":{"line":79,"column":5}},"line":71},"6":{"name":"(anonymous_6)","decl":{"start":{"line":81,"column":44},"end":{"line":81,"column":45}},"loc":{"start":{"line":82,"column":4},"end":{"line":82,"column":97}},"line":82},"7":{"name":"(anonymous_7)","decl":{"start":{"line":82,"column":11},"end":{"line":82,"column":12}},"loc":{"start":{"line":82,"column":17},"end":{"line":82,"column":46}},"line":82},"8":{"name":"(anonymous_8)","decl":{"start":{"line":85,"column":42},"end":{"line":85,"column":43}},"loc":{"start":{"line":86,"column":4},"end":{"line":86,"column":109}},"line":86},"9":{"name":"(anonymous_9)","decl":{"start":{"line":86,"column":11},"end":{"line":86,"column":12}},"loc":{"start":{"line":86,"column":17},"end":{"line":86,"column":52}},"line":86},"10":{"name":"(anonymous_10)","decl":{"start":{"line":88,"column":40},"end":{"line":88,"column":41}},"loc":{"start":{"line":89,"column":4},"end":{"line":89,"column":84}},"line":89},"11":{"name":"(anonymous_11)","decl":{"start":{"line":89,"column":11},"end":{"line":89,"column":12}},"loc":{"start":{"line":89,"column":17},"end":{"line":89,"column":46}},"line":89},"12":{"name":"(anonymous_12)","decl":{"start":{"line":92,"column":42},"end":{"line":92,"column":43}},"loc":{"start":{"line":93,"column":4},"end":{"line":93,"column":93}},"line":93},"13":{"name":"(anonymous_13)","decl":{"start":{"line":93,"column":11},"end":{"line":93,"column":12}},"loc":{"start":{"line":93,"column":17},"end":{"line":93,"column":44}},"line":93},"14":{"name":"(anonymous_14)","decl":{"start":{"line":95,"column":42},"end":{"line":95,"column":43}},"loc":{"start":{"line":96,"column":4},"end":{"line":96,"column":105}},"line":96},"15":{"name":"(anonymous_15)","decl":{"start":{"line":96,"column":11},"end":{"line":96,"column":12}},"loc":{"start":{"line":96,"column":17},"end":{"line":96,"column":50}},"line":96},"16":{"name":"(anonymous_16)","decl":{"start":{"line":98,"column":40},"end":{"line":98,"column":41}},"loc":{"start":{"line":99,"column":4},"end":{"line":99,"column":80}},"line":99},"17":{"name":"(anonymous_17)","decl":{"start":{"line":99,"column":11},"end":{"line":99,"column":12}},"loc":{"start":{"line":99,"column":17},"end":{"line":99,"column":44}},"line":99},"18":{"name":"(anonymous_18)","decl":{"start":{"line":101,"column":42},"end":{"line":101,"column":43}},"loc":{"start":{"line":102,"column":4},"end":{"line":102,"column":93}},"line":102},"19":{"name":"(anonymous_19)","decl":{"start":{"line":102,"column":11},"end":{"line":102,"column":12}},"loc":{"start":{"line":102,"column":17},"end":{"line":102,"column":44}},"line":102},"20":{"name":"(anonymous_20)","decl":{"start":{"line":104,"column":42},"end":{"line":104,"column":43}},"loc":{"start":{"line":105,"column":4},"end":{"line":105,"column":105}},"line":105},"21":{"name":"(anonymous_21)","decl":{"start":{"line":105,"column":11},"end":{"line":105,"column":12}},"loc":{"start":{"line":105,"column":17},"end":{"line":105,"column":50}},"line":105},"22":{"name":"(anonymous_22)","decl":{"start":{"line":107,"column":40},"end":{"line":107,"column":41}},"loc":{"start":{"line":108,"column":4},"end":{"line":108,"column":80}},"line":108},"23":{"name":"(anonymous_23)","decl":{"start":{"line":108,"column":11},"end":{"line":108,"column":12}},"loc":{"start":{"line":108,"column":17},"end":{"line":108,"column":44}},"line":108},"24":{"name":"(anonymous_24)","decl":{"start":{"line":110,"column":42},"end":{"line":110,"column":43}},"loc":{"start":{"line":111,"column":4},"end":{"line":111,"column":95}},"line":111},"25":{"name":"(anonymous_25)","decl":{"start":{"line":111,"column":11},"end":{"line":111,"column":12}},"loc":{"start":{"line":111,"column":17},"end":{"line":111,"column":43}},"line":111},"26":{"name":"(anonymous_26)","decl":{"start":{"line":113,"column":42},"end":{"line":113,"column":43}},"loc":{"start":{"line":114,"column":4},"end":{"line":114,"column":107}},"line":114},"27":{"name":"(anonymous_27)","decl":{"start":{"line":114,"column":11},"end":{"line":114,"column":12}},"loc":{"start":{"line":114,"column":17},"end":{"line":114,"column":49}},"line":114},"28":{"name":"(anonymous_28)","decl":{"start":{"line":116,"column":40},"end":{"line":116,"column":41}},"loc":{"start":{"line":117,"column":4},"end":{"line":117,"column":91}},"line":117},"29":{"name":"(anonymous_29)","decl":{"start":{"line":117,"column":11},"end":{"line":117,"column":12}},"loc":{"start":{"line":117,"column":17},"end":{"line":117,"column":42}},"line":117},"30":{"name":"(anonymous_30)","decl":{"start":{"line":123,"column":10},"end":{"line":123,"column":11}},"loc":{"start":{"line":123,"column":16},"end":{"line":123,"column":37}},"line":123}},"branchMap":{},"s":{"0":1,"1":1,"2":1,"3":1,"4":1,"5":1,"6":1,"7":1,"8":1,"9":1,"10":1,"11":15,"12":15,"13":15,"14":15,"15":15,"16":15,"17":15,"18":15,"19":15,"20":15,"21":15,"22":15,"23":15,"24":15,"25":15,"26":15,"27":15,"28":15,"29":15,"30":15,"31":15,"32":15,"33":1,"34":1,"35":1,"36":1,"37":1,"38":1,"39":1,"40":1,"41":1,"42":1,"43":1,"44":1,"45":1,"46":1,"47":1,"48":1,"49":1,"50":1,"51":1,"52":1,"53":1,"54":1,"55":1,"56":1,"57":1,"58":1,"59":1,"60":1,"61":1,"62":1,"63":1,"64":1,"65":1,"66":1,"67":1,"68":1,"69":1,"70":1,"71":1,"72":1,"73":1,"74":1,"75":1,"76":1,"77":1,"78":1,"79":1,"80":1,"81":1,"82":1,"83":1,"84":1,"85":1,"86":1,"87":1,"88":1},"f":{"0":1,"1":1,"2":15,"3":1,"4":1,"5":1,"6":1,"7":1,"8":1,"9":1,"10":1,"11":1,"12":1,"13":1,"14":1,"15":1,"16":1,"17":1,"18":1,"19":1,"20":1,"21":1,"22":1,"23":1,"24":1,"25":1,"26":1,"27":1,"28":1,"29":1,"30":1},"b":{},"_coverageSchema":"43e27e138ebf9cfc5966b082cf9a028302ed4184","hash":"668e4bc0f924cd2dd29a14b75971d050d574da94","contentHash":"395c63a261c0b92272b02cc672d6dabe235abc48157538f02dac88e4eb4b57f5"},"C:\\Users\\ounci\\bootcamp\\collab\\skylab-bootcamp-201907\\staff\\oihane-unciti\\generisad\\generisad-api\\logic\\upload-image\\index.js":{"path":"C:\\Users\\ounci\\bootcamp\\collab\\skylab-bootcamp-201907\\staff\\oihane-unciti\\generisad\\generisad-api\\logic\\upload-image\\index.js","statementMap":{"0":{"start":{"line":1,"column":0},"end":{"line":1,"column":26}},"1":{"start":{"line":3,"column":21},"end":{"line":3,"column":47}},"2":{"start":{"line":4,"column":38},"end":{"line":4,"column":63}},"3":{"start":{"line":5,"column":29},"end":{"line":5,"column":54}},"4":{"start":{"line":7,"column":19},"end":{"line":7,"column":40}},"5":{"start":{"line":9,"column":80},"end":{"line":9,"column":87}},"6":{"start":{"line":23,"column":0},"end":{"line":56,"column":1}},"7":{"start":{"line":24,"column":4},"end":{"line":24,"column":37}},"8":{"start":{"line":25,"column":4},"end":{"line":25,"column":33}},"9":{"start":{"line":26,"column":4},"end":{"line":26,"column":37}},"10":{"start":{"line":28,"column":4},"end":{"line":55,"column":8}},"11":{"start":{"line":29,"column":21},"end":{"line":29,"column":48}},"12":{"start":{"line":30,"column":8},"end":{"line":30,"column":74}},"13":{"start":{"line":30,"column":19},"end":{"line":30,"column":74}},"14":{"start":{"line":32,"column":19},"end":{"line":32,"column":53}},"15":{"start":{"line":33,"column":8},"end":{"line":33,"column":66}},"16":{"start":{"line":33,"column":17},"end":{"line":33,"column":66}},"17":{"start":{"line":35,"column":8},"end":{"line":39,"column":10}},"18":{"start":{"line":41,"column":23},"end":{"line":50,"column":10}},"19":{"start":{"line":43,"column":34},"end":{"line":47,"column":14}},"20":{"start":{"line":44,"column":16},"end":{"line":44,"column":43}},"21":{"start":{"line":44,"column":25},"end":{"line":44,"column":43}},"22":{"start":{"line":46,"column":16},"end":{"line":46,"column":30}},"23":{"start":{"line":49,"column":12},"end":{"line":49,"column":37}},"24":{"start":{"line":52,"column":8},"end":{"line":52,"column":39}},"25":{"start":{"line":54,"column":8},"end":{"line":54,"column":117}}},"fnMap":{"0":{"name":"(anonymous_0)","decl":{"start":{"line":23,"column":17},"end":{"line":23,"column":18}},"loc":{"start":{"line":23,"column":48},"end":{"line":56,"column":1}},"line":23},"1":{"name":"(anonymous_1)","decl":{"start":{"line":28,"column":12},"end":{"line":28,"column":13}},"loc":{"start":{"line":28,"column":24},"end":{"line":55,"column":5}},"line":28},"2":{"name":"(anonymous_2)","decl":{"start":{"line":41,"column":41},"end":{"line":41,"column":42}},"loc":{"start":{"line":41,"column":62},"end":{"line":50,"column":9}},"line":41},"3":{"name":"(anonymous_3)","decl":{"start":{"line":43,"column":71},"end":{"line":43,"column":72}},"loc":{"start":{"line":43,"column":87},"end":{"line":47,"column":13}},"line":43}},"branchMap":{"0":{"loc":{"start":{"line":30,"column":8},"end":{"line":30,"column":74}},"type":"if","locations":[{"start":{"line":30,"column":8},"end":{"line":30,"column":74}},{"start":{"line":30,"column":8},"end":{"line":30,"column":74}}],"line":30},"1":{"loc":{"start":{"line":33,"column":8},"end":{"line":33,"column":66}},"type":"if","locations":[{"start":{"line":33,"column":8},"end":{"line":33,"column":66}},{"start":{"line":33,"column":8},"end":{"line":33,"column":66}}],"line":33},"2":{"loc":{"start":{"line":44,"column":16},"end":{"line":44,"column":43}},"type":"if","locations":[{"start":{"line":44,"column":16},"end":{"line":44,"column":43}},{"start":{"line":44,"column":16},"end":{"line":44,"column":43}}],"line":44}},"s":{"0":1,"1":1,"2":1,"3":1,"4":1,"5":1,"6":1,"7":15,"8":12,"9":6,"10":3,"11":3,"12":3,"13":1,"14":2,"15":2,"16":1,"17":1,"18":1,"19":1,"20":1,"21":0,"22":1,"23":1,"24":1,"25":1},"f":{"0":15,"1":3,"2":1,"3":1},"b":{"0":[1,2],"1":[1,1],"2":[0,1]},"_coverageSchema":"43e27e138ebf9cfc5966b082cf9a028302ed4184","hash":"8bd8dc35c3b96fd76fff21adccd5e18594c31d25","contentHash":"a5532df6c3160ba8bb4780a2fa8555a417465230f39cb0e2929d4e425a74536a"}}